<?xml version="1.0" encoding="UTF-8"?>
<robot generator="Robot 4.1.3 (Python 3.10.4 on win32)" generated="20230213 22:53:01.460" rpa="false" schemaversion="2">
<suite id="s1" name="Booking" source="C:\Users\Phierina\Documents\booking.com\booking.com_automation\booking.com_automation\booking.robot">
<test id="s1-t1" name="Execute Test:">
<kw name="Launch Android Application">
<kw name="Open Application" library="AppiumLibrary">
<arg>http://localhost:4723/wd/hub</arg>
<arg>platformName=Android</arg>
<arg>deviceName=emulator-5554</arg>
<arg>appPackage=com.booking</arg>
<arg>appActivity=com.booking.startup.HomeActivity</arg>
<arg>automationName=UIAutomator2</arg>
<doc>Opens a new application to given Appium server.
Capabilities of appium server, Android and iOS,
Please check https://github.com/appium/appium/blob/master/docs/en/writing-running-appium/server-args.md
| *Option*            | *Man.* | *Description*     |
| remote_url          | Yes    | Appium server url |
| alias               | no     | alias             |
| strict_ssl          | No     | allows you to send commands to an invalid certificate host like a self-signed one. |</doc>
<status status="PASS" starttime="20230213 22:53:02.015" endtime="20230213 22:53:16.245"/>
</kw>
<status status="PASS" starttime="20230213 22:53:02.014" endtime="20230213 22:53:16.245"/>
</kw>
<kw name="Login">
<kw name="Wait Until Element Is Visible" library="AppiumLibrary">
<arg>xpath=/hierarchy/android.widget.FrameLayout/android.widget.LinearLayout/android.widget.FrameLayout/android.view.ViewGroup/android.widget.FrameLayout[2]/android.widget.LinearLayout/android.widget.FrameLayout/android.widget.LinearLayout/android.widget.LinearLayout/android.widget.ScrollView/android.widget.LinearLayout/android.widget.FrameLayout[1]/android.widget.FrameLayout/android.widget.Button</arg>
<doc>Waits until element specified with `locator` is visible.</doc>
<msg timestamp="20230213 22:53:20.376" level="INFO">xpath criteria: /hierarchy/android.widget.FrameLayout/android.widget.LinearLayout/android.widget.FrameLayout/android.view.ViewGroup/android.widget.FrameLayout[2]/android.widget.LinearLayout/android.widget.FrameLayout/android.widget.LinearLayout/android.widget.LinearLayout/android.widget.ScrollView/android.widget.LinearLayout/android.widget.FrameLayout[1]/android.widget.FrameLayout/android.widget.Button
xpath criteria: /hierarchy/android.widget.FrameLayout/android.widget.LinearLayout/android.widget.FrameLayout/android.view.ViewGroup/android.widget.FrameLayout[2]/android.widget.LinearLayout/android.widget.FrameLayout/android.widget.LinearLayout/android.widget.LinearLayout/android.widget.ScrollView/android.widget.LinearLayout/android.widget.FrameLayout[1]/android.widget.FrameLayout/android.widget.Button
xpath criteria: /hierarchy/android.widget.FrameLayout/android.widget.LinearLayout/android.widget.FrameLayout/android.view.ViewGroup/android.widget.FrameLayout[2]/android.widget.LinearLayout/android.widget.FrameLayout/android.widget.LinearLayout/android.widget.LinearLayout/android.widget.ScrollView/android.widget.LinearLayout/android.widget.FrameLayout[1]/android.widget.FrameLayout/android.widget.Button</msg>
<status status="PASS" starttime="20230213 22:53:16.248" endtime="20230213 22:53:20.376"/>
</kw>
<kw name="Click Element" library="AppiumLibrary">
<arg>xpath=/hierarchy/android.widget.FrameLayout/android.widget.LinearLayout/android.widget.FrameLayout/android.view.ViewGroup/android.widget.FrameLayout[2]/android.widget.LinearLayout/android.widget.FrameLayout/android.widget.LinearLayout/android.widget.LinearLayout/android.widget.ScrollView/android.widget.LinearLayout/android.widget.FrameLayout[1]/android.widget.FrameLayout/android.widget.Button</arg>
<doc>Click element identified by `locator`.</doc>
<msg timestamp="20230213 22:53:20.381" level="INFO">Clicking element 'xpath=/hierarchy/android.widget.FrameLayout/android.widget.LinearLayout/android.widget.FrameLayout/android.view.ViewGroup/android.widget.FrameLayout[2]/android.widget.LinearLayout/android.widget.FrameLayout/android.widget.LinearLayout/android.widget.LinearLayout/android.widget.ScrollView/android.widget.LinearLayout/android.widget.FrameLayout[1]/android.widget.FrameLayout/android.widget.Button'.</msg>
<msg timestamp="20230213 22:53:20.629" level="INFO">xpath criteria: /hierarchy/android.widget.FrameLayout/android.widget.LinearLayout/android.widget.FrameLayout/android.view.ViewGroup/android.widget.FrameLayout[2]/android.widget.LinearLayout/android.widget.FrameLayout/android.widget.LinearLayout/android.widget.LinearLayout/android.widget.ScrollView/android.widget.LinearLayout/android.widget.FrameLayout[1]/android.widget.FrameLayout/android.widget.Button</msg>
<status status="PASS" starttime="20230213 22:53:20.377" endtime="20230213 22:53:20.629"/>
</kw>
<kw name="Wait Until Element Is Visible" library="AppiumLibrary">
<arg>com.booking:id/identity_text_input_edit_text</arg>
<doc>Waits until element specified with `locator` is visible.</doc>
<msg timestamp="20230213 22:53:21.041" level="INFO">criteria is com.booking:id/identity_text_input_edit_text</msg>
<status status="PASS" starttime="20230213 22:53:20.629" endtime="20230213 22:53:21.042"/>
</kw>
<kw name="Input Text" library="AppiumLibrary">
<arg>com.booking:id/identity_text_input_edit_text</arg>
<arg>${EMAIL_TEST}</arg>
<doc>Types the given `text` into text field identified by `locator`.</doc>
<msg timestamp="20230213 22:53:21.049" level="INFO">Typing text 'pcgpruebas6@gmail.com' into text field 'com.booking:id/identity_text_input_edit_text'</msg>
<msg timestamp="20230213 22:53:21.157" level="INFO">criteria is com.booking:id/identity_text_input_edit_text</msg>
<status status="PASS" starttime="20230213 22:53:21.042" endtime="20230213 22:53:21.157"/>
</kw>
<kw name="Click Element" library="AppiumLibrary">
<arg>com.booking:id/identity_landing_social_button</arg>
<doc>Click element identified by `locator`.</doc>
<msg timestamp="20230213 22:53:21.161" level="INFO">Clicking element 'com.booking:id/identity_landing_social_button'.</msg>
<msg timestamp="20230213 22:53:21.469" level="INFO">criteria is com.booking:id/identity_landing_social_button</msg>
<status status="PASS" starttime="20230213 22:53:21.157" endtime="20230213 22:53:21.469"/>
</kw>
<kw name="Sleep" library="BuiltIn">
<arg>2s</arg>
<doc>Pauses the test executed for the given time.</doc>
<msg timestamp="20230213 22:53:23.474" level="INFO">Slept 2 seconds</msg>
<status status="PASS" starttime="20230213 22:53:21.470" endtime="20230213 22:53:23.474"/>
</kw>
<kw name="Wait Until Element Is Visible" library="AppiumLibrary">
<arg>com.booking:id/identity_text_input_edit_text</arg>
<doc>Waits until element specified with `locator` is visible.</doc>
<msg timestamp="20230213 22:53:24.307" level="INFO">criteria is com.booking:id/identity_text_input_edit_text</msg>
<status status="PASS" starttime="20230213 22:53:23.474" endtime="20230213 22:53:24.307"/>
</kw>
<kw name="Input Text" library="AppiumLibrary">
<arg>com.booking:id/identity_text_input_edit_text</arg>
<arg>${PASSWORD_TEST}</arg>
<doc>Types the given `text` into text field identified by `locator`.</doc>
<msg timestamp="20230213 22:53:24.313" level="INFO">Typing text 'Pruebas$421$' into text field 'com.booking:id/identity_text_input_edit_text'</msg>
<msg timestamp="20230213 22:53:24.405" level="INFO">criteria is com.booking:id/identity_text_input_edit_text</msg>
<status status="PASS" starttime="20230213 22:53:24.307" endtime="20230213 22:53:24.405"/>
</kw>
<kw name="Click Element" library="AppiumLibrary">
<arg>com.booking:id/identity_landing_social_button</arg>
<doc>Click element identified by `locator`.</doc>
<msg timestamp="20230213 22:53:24.410" level="INFO">Clicking element 'com.booking:id/identity_landing_social_button'.</msg>
<msg timestamp="20230213 22:53:25.090" level="INFO">criteria is com.booking:id/identity_landing_social_button</msg>
<status status="PASS" starttime="20230213 22:53:24.407" endtime="20230213 22:53:25.090"/>
</kw>
<kw name="Wait Until Element Is Visible" library="AppiumLibrary">
<arg>com.booking:id/genius_onbaording_bottomsheet_cta</arg>
<doc>Waits until element specified with `locator` is visible.</doc>
<msg timestamp="20230213 22:53:29.914" level="INFO">criteria is com.booking:id/genius_onbaording_bottomsheet_cta
criteria is com.booking:id/genius_onbaording_bottomsheet_cta
criteria is com.booking:id/genius_onbaording_bottomsheet_cta
criteria is com.booking:id/genius_onbaording_bottomsheet_cta
criteria is com.booking:id/genius_onbaording_bottomsheet_cta
criteria is com.booking:id/genius_onbaording_bottomsheet_cta
criteria is com.booking:id/genius_onbaording_bottomsheet_cta
criteria is com.booking:id/genius_onbaording_bottomsheet_cta
criteria is com.booking:id/genius_onbaording_bottomsheet_cta</msg>
<status status="PASS" starttime="20230213 22:53:25.090" endtime="20230213 22:53:29.914"/>
</kw>
<kw name="Click Element" library="AppiumLibrary">
<arg>com.booking:id/genius_onbaording_bottomsheet_cta</arg>
<doc>Click element identified by `locator`.</doc>
<msg timestamp="20230213 22:53:29.919" level="INFO">Clicking element 'com.booking:id/genius_onbaording_bottomsheet_cta'.</msg>
<msg timestamp="20230213 22:53:30.145" level="INFO">criteria is com.booking:id/genius_onbaording_bottomsheet_cta</msg>
<status status="PASS" starttime="20230213 22:53:29.915" endtime="20230213 22:53:30.146"/>
</kw>
<status status="PASS" starttime="20230213 22:53:16.247" endtime="20230213 22:53:30.146"/>
</kw>
<kw name="Reserve Destiny Cusco">
<kw name="Wait Until Element Is Visible" library="AppiumLibrary">
<arg>com.booking:id/facet_search_box_basic_field_label</arg>
<doc>Waits until element specified with `locator` is visible.</doc>
<msg timestamp="20230213 22:53:32.197" level="INFO">criteria is com.booking:id/facet_search_box_basic_field_label</msg>
<status status="PASS" starttime="20230213 22:53:30.148" endtime="20230213 22:53:32.197"/>
</kw>
<kw name="Click Element" library="AppiumLibrary">
<arg>com.booking:id/facet_search_box_basic_field_label</arg>
<doc>Click element identified by `locator`.</doc>
<msg timestamp="20230213 22:53:32.203" level="INFO">Clicking element 'com.booking:id/facet_search_box_basic_field_label'.</msg>
<msg timestamp="20230213 22:53:34.081" level="INFO">criteria is com.booking:id/facet_search_box_basic_field_label</msg>
<status status="PASS" starttime="20230213 22:53:32.198" endtime="20230213 22:53:34.081"/>
</kw>
<kw name="Wait Until Element Is Visible" library="AppiumLibrary">
<arg>com.booking:id/facet_with_bui_free_search_booking_header_toolbar_content</arg>
<doc>Waits until element specified with `locator` is visible.</doc>
<msg timestamp="20230213 22:53:34.154" level="INFO">criteria is com.booking:id/facet_with_bui_free_search_booking_header_toolbar_content</msg>
<status status="PASS" starttime="20230213 22:53:34.081" endtime="20230213 22:53:34.154"/>
</kw>
<kw name="Input Text" library="AppiumLibrary">
<arg>com.booking:id/facet_with_bui_free_search_booking_header_toolbar_content</arg>
<arg>${DESTINY}</arg>
<doc>Types the given `text` into text field identified by `locator`.</doc>
<msg timestamp="20230213 22:53:34.162" level="INFO">Typing text 'Cusco' into text field 'com.booking:id/facet_with_bui_free_search_booking_header_toolbar_content'</msg>
<msg timestamp="20230213 22:53:34.329" level="INFO">criteria is com.booking:id/facet_with_bui_free_search_booking_header_toolbar_content</msg>
<status status="PASS" starttime="20230213 22:53:34.156" endtime="20230213 22:53:34.329"/>
</kw>
<kw name="Click Element" library="AppiumLibrary">
<arg>xpath=/hierarchy/android.widget.FrameLayout/android.widget.LinearLayout/android.widget.FrameLayout/android.widget.LinearLayout/android.widget.FrameLayout/android.widget.LinearLayout/android.widget.FrameLayout/androidx.recyclerview.widget.RecyclerView/android.view.ViewGroup[1]/android.widget.TextView[2]</arg>
<doc>Click element identified by `locator`.</doc>
<msg timestamp="20230213 22:53:34.337" level="INFO">Clicking element 'xpath=/hierarchy/android.widget.FrameLayout/android.widget.LinearLayout/android.widget.FrameLayout/android.widget.LinearLayout/android.widget.FrameLayout/android.widget.LinearLayout/android.widget.FrameLayout/androidx.recyclerview.widget.RecyclerView/android.view.ViewGroup[1]/android.widget.TextView[2]'.</msg>
<msg timestamp="20230213 22:53:35.862" level="INFO">xpath criteria: /hierarchy/android.widget.FrameLayout/android.widget.LinearLayout/android.widget.FrameLayout/android.widget.LinearLayout/android.widget.FrameLayout/android.widget.LinearLayout/android.widget.FrameLayout/androidx.recyclerview.widget.RecyclerView/android.view.ViewGroup[1]/android.widget.TextView[2]</msg>
<status status="PASS" starttime="20230213 22:53:34.331" endtime="20230213 22:53:35.862"/>
</kw>
<kw name="Wait Until Element Is Visible" library="AppiumLibrary">
<arg>xpath=//android.view.View[@content-desc="14 February 2023"]</arg>
<doc>Waits until element specified with `locator` is visible.</doc>
<msg timestamp="20230213 22:53:38.286" level="INFO">xpath criteria: //android.view.View[@content-desc="14 February 2023"]
xpath criteria: //android.view.View[@content-desc="14 February 2023"]</msg>
<status status="PASS" starttime="20230213 22:53:35.862" endtime="20230213 22:53:38.286"/>
</kw>
<kw name="Click Element" library="AppiumLibrary">
<arg>xpath=//android.view.View[@content-desc="14 February 2023"]</arg>
<doc>Click element identified by `locator`.</doc>
<msg timestamp="20230213 22:53:38.288" level="INFO">Clicking element 'xpath=//android.view.View[@content-desc="14 February 2023"]'.</msg>
<msg timestamp="20230213 22:53:38.459" level="INFO">xpath criteria: //android.view.View[@content-desc="14 February 2023"]</msg>
<status status="PASS" starttime="20230213 22:53:38.287" endtime="20230213 22:53:38.459"/>
</kw>
<kw name="Click Element" library="AppiumLibrary">
<arg>xpath=//android.view.View[@content-desc="28 February 2023"]</arg>
<doc>Click element identified by `locator`.</doc>
<msg timestamp="20230213 22:53:38.464" level="INFO">Clicking element 'xpath=//android.view.View[@content-desc="28 February 2023"]'.</msg>
<msg timestamp="20230213 22:53:39.341" level="INFO">xpath criteria: //android.view.View[@content-desc="28 February 2023"]</msg>
<status status="PASS" starttime="20230213 22:53:38.460" endtime="20230213 22:53:39.341"/>
</kw>
<kw name="Click Element" library="AppiumLibrary">
<arg>com.booking:id/facet_date_picker_confirm</arg>
<doc>Click element identified by `locator`.</doc>
<msg timestamp="20230213 22:53:39.347" level="INFO">Clicking element 'com.booking:id/facet_date_picker_confirm'.</msg>
<msg timestamp="20230213 22:53:40.025" level="INFO">criteria is com.booking:id/facet_date_picker_confirm</msg>
<status status="PASS" starttime="20230213 22:53:39.342" endtime="20230213 22:53:40.026"/>
</kw>
<kw name="Wait Until Element Is Visible" library="AppiumLibrary">
<arg>xpath=/hierarchy/android.widget.FrameLayout/android.widget.LinearLayout/android.widget.FrameLayout/android.widget.LinearLayout/android.widget.FrameLayout/android.widget.LinearLayout/android.widget.LinearLayout[2]/android.widget.FrameLayout[1]/android.widget.LinearLayout/androidx.recyclerview.widget.RecyclerView[2]/android.widget.FrameLayout[1]/android.widget.LinearLayout/android.view.ViewGroup/android.widget.LinearLayout/android.widget.LinearLayout[3]/android.widget.TextView</arg>
<doc>Waits until element specified with `locator` is visible.</doc>
<msg timestamp="20230213 22:53:40.644" level="INFO">xpath criteria: /hierarchy/android.widget.FrameLayout/android.widget.LinearLayout/android.widget.FrameLayout/android.widget.LinearLayout/android.widget.FrameLayout/android.widget.LinearLayout/android.widget.LinearLayout[2]/android.widget.FrameLayout[1]/android.widget.LinearLayout/androidx.recyclerview.widget.RecyclerView[2]/android.widget.FrameLayout[1]/android.widget.LinearLayout/android.view.ViewGroup/android.widget.LinearLayout/android.widget.LinearLayout[3]/android.widget.TextView</msg>
<status status="PASS" starttime="20230213 22:53:40.026" endtime="20230213 22:53:40.646"/>
</kw>
<kw name="Click Element" library="AppiumLibrary">
<arg>xpath=/hierarchy/android.widget.FrameLayout/android.widget.LinearLayout/android.widget.FrameLayout/android.widget.LinearLayout/android.widget.FrameLayout/android.widget.LinearLayout/android.widget.LinearLayout[2]/android.widget.FrameLayout[1]/android.widget.LinearLayout/androidx.recyclerview.widget.RecyclerView[2]/android.widget.FrameLayout[1]/android.widget.LinearLayout/android.view.ViewGroup/android.widget.LinearLayout/android.widget.LinearLayout[3]/android.widget.TextView</arg>
<doc>Click element identified by `locator`.</doc>
<msg timestamp="20230213 22:53:40.650" level="INFO">Clicking element 'xpath=/hierarchy/android.widget.FrameLayout/android.widget.LinearLayout/android.widget.FrameLayout/android.widget.LinearLayout/android.widget.FrameLayout/android.widget.LinearLayout/android.widget.LinearLayout[2]/android.widget.FrameLayout[1]/android.widget.LinearLayout/androidx.recyclerview.widget.RecyclerView[2]/android.widget.FrameLayout[1]/android.widget.LinearLayout/android.view.ViewGroup/android.widget.LinearLayout/android.widget.LinearLayout[3]/android.widget.TextView'.</msg>
<msg timestamp="20230213 22:53:40.839" level="INFO">xpath criteria: /hierarchy/android.widget.FrameLayout/android.widget.LinearLayout/android.widget.FrameLayout/android.widget.LinearLayout/android.widget.FrameLayout/android.widget.LinearLayout/android.widget.LinearLayout[2]/android.widget.FrameLayout[1]/android.widget.LinearLayout/androidx.recyclerview.widget.RecyclerView[2]/android.widget.FrameLayout[1]/android.widget.LinearLayout/android.view.ViewGroup/android.widget.LinearLayout/android.widget.LinearLayout[3]/android.widget.TextView</msg>
<status status="PASS" starttime="20230213 22:53:40.646" endtime="20230213 22:53:40.839"/>
</kw>
<kw name="Wait Until Element Is Visible" library="AppiumLibrary">
<arg>xpath=/hierarchy/android.widget.FrameLayout/android.widget.LinearLayout/android.widget.FrameLayout/android.widget.FrameLayout/android.widget.FrameLayout/android.widget.FrameLayout/android.view.ViewGroup/android.widget.FrameLayout/android.widget.LinearLayout/android.widget.LinearLayout/android.view.ViewGroup[3]/android.widget.LinearLayout/android.widget.Button[2]</arg>
<doc>Waits until element specified with `locator` is visible.</doc>
<msg timestamp="20230213 22:53:41.662" level="INFO">xpath criteria: /hierarchy/android.widget.FrameLayout/android.widget.LinearLayout/android.widget.FrameLayout/android.widget.FrameLayout/android.widget.FrameLayout/android.widget.FrameLayout/android.view.ViewGroup/android.widget.FrameLayout/android.widget.LinearLayout/android.widget.LinearLayout/android.view.ViewGroup[3]/android.widget.LinearLayout/android.widget.Button[2]</msg>
<status status="PASS" starttime="20230213 22:53:40.839" endtime="20230213 22:53:41.662"/>
</kw>
<kw name="Click Element" library="AppiumLibrary">
<arg>xpath=/hierarchy/android.widget.FrameLayout/android.widget.LinearLayout/android.widget.FrameLayout/android.widget.FrameLayout/android.widget.FrameLayout/android.widget.FrameLayout/android.view.ViewGroup/android.widget.FrameLayout/android.widget.LinearLayout/android.widget.LinearLayout/android.view.ViewGroup[3]/android.widget.LinearLayout/android.widget.Button[2]</arg>
<doc>Click element identified by `locator`.</doc>
<msg timestamp="20230213 22:53:41.672" level="INFO">Clicking element 'xpath=/hierarchy/android.widget.FrameLayout/android.widget.LinearLayout/android.widget.FrameLayout/android.widget.FrameLayout/android.widget.FrameLayout/android.widget.FrameLayout/android.view.ViewGroup/android.widget.FrameLayout/android.widget.LinearLayout/android.widget.LinearLayout/android.view.ViewGroup[3]/android.widget.LinearLayout/android.widget.Button[2]'.</msg>
<msg timestamp="20230213 22:53:41.892" level="INFO">xpath criteria: /hierarchy/android.widget.FrameLayout/android.widget.LinearLayout/android.widget.FrameLayout/android.widget.FrameLayout/android.widget.FrameLayout/android.widget.FrameLayout/android.view.ViewGroup/android.widget.FrameLayout/android.widget.LinearLayout/android.widget.LinearLayout/android.view.ViewGroup[3]/android.widget.LinearLayout/android.widget.Button[2]</msg>
<status status="PASS" starttime="20230213 22:53:41.663" endtime="20230213 22:53:41.892"/>
</kw>
<kw name="Evaluate" library="BuiltIn">
<var>${element_swipe}</var>
<arg>'com.booking:id/age_picker_view'</arg>
<doc>Evaluates the given expression in Python and returns the result.</doc>
<msg timestamp="20230213 22:53:41.893" level="INFO">${element_swipe} = com.booking:id/age_picker_view</msg>
<status status="PASS" starttime="20230213 22:53:41.892" endtime="20230213 22:53:41.893"/>
</kw>
<kw name="Wait Until Element Is Visible" library="AppiumLibrary">
<arg>${element_swipe}</arg>
<doc>Waits until element specified with `locator` is visible.</doc>
<msg timestamp="20230213 22:53:42.625" level="INFO">criteria is com.booking:id/age_picker_view</msg>
<status status="PASS" starttime="20230213 22:53:41.893" endtime="20230213 22:53:42.626"/>
</kw>
<kw name="Get Element Size" library="AppiumLibrary">
<var>${element_size}</var>
<arg>${element_swipe}</arg>
<doc>Get element size</doc>
<msg timestamp="20230213 22:53:42.780" level="INFO">Element 'com.booking:id/age_picker_view' size: {'height': 517, 'width': 936} </msg>
<msg timestamp="20230213 22:53:42.780" level="INFO">criteria is com.booking:id/age_picker_view</msg>
<msg timestamp="20230213 22:53:42.781" level="INFO">${element_size} = {'height': 517, 'width': 936}</msg>
<status status="PASS" starttime="20230213 22:53:42.626" endtime="20230213 22:53:42.781"/>
</kw>
<kw name="Get Element Location" library="AppiumLibrary">
<var>${element_location}</var>
<arg>${element_swipe}</arg>
<doc>Get element location</doc>
<msg timestamp="20230213 22:53:42.836" level="INFO">Element 'com.booking:id/age_picker_view' location: {'x': 72, 'y': 886} </msg>
<msg timestamp="20230213 22:53:42.837" level="INFO">criteria is com.booking:id/age_picker_view</msg>
<msg timestamp="20230213 22:53:42.837" level="INFO">${element_location} = {'x': 72, 'y': 886}</msg>
<status status="PASS" starttime="20230213 22:53:42.781" endtime="20230213 22:53:42.837"/>
</kw>
<kw name="Evaluate" library="BuiltIn">
<var>${start_x}</var>
<arg>${element_location['x']} + (${element_size['width']} * 0.5)</arg>
<doc>Evaluates the given expression in Python and returns the result.</doc>
<msg timestamp="20230213 22:53:42.839" level="INFO">${start_x} = 540.0</msg>
<status status="PASS" starttime="20230213 22:53:42.837" endtime="20230213 22:53:42.839"/>
</kw>
<kw name="Evaluate" library="BuiltIn">
<var>${start_y}</var>
<arg>${element_location['y']} + (${element_size['height']} * 0.7)</arg>
<doc>Evaluates the given expression in Python and returns the result.</doc>
<msg timestamp="20230213 22:53:42.841" level="INFO">${start_y} = 1247.9</msg>
<status status="PASS" starttime="20230213 22:53:42.839" endtime="20230213 22:53:42.841"/>
</kw>
<kw name="Evaluate" library="BuiltIn">
<var>${end_x}</var>
<arg>${element_location['x']} + (${element_size['width']} * 0.5)</arg>
<doc>Evaluates the given expression in Python and returns the result.</doc>
<msg timestamp="20230213 22:53:42.843" level="INFO">${end_x} = 540.0</msg>
<status status="PASS" starttime="20230213 22:53:42.841" endtime="20230213 22:53:42.843"/>
</kw>
<kw name="Evaluate" library="BuiltIn">
<var>${end_y}</var>
<arg>${element_location['y']} + (${element_size['height']} * 0.3)</arg>
<doc>Evaluates the given expression in Python and returns the result.</doc>
<msg timestamp="20230213 22:53:42.845" level="INFO">${end_y} = 1041.1</msg>
<status status="PASS" starttime="20230213 22:53:42.843" endtime="20230213 22:53:42.845"/>
</kw>
<for flavor="IN RANGE">
<var>${index}</var>
<value>6</value>
<iter>
<var name="${index}">0</var>
<kw name="Swipe" library="AppiumLibrary">
<arg>${start_x}</arg>
<arg>${start_y}</arg>
<arg>${end_x}</arg>
<arg>${end_y}</arg>
<arg>500</arg>
<doc>Swipe from one point to another point, for an optional duration.</doc>
<status status="PASS" starttime="20230213 22:53:42.846" endtime="20230213 22:53:43.663"/>
</kw>
<kw name="Sleep" library="BuiltIn">
<arg>0.5</arg>
<doc>Pauses the test executed for the given time.</doc>
<msg timestamp="20230213 22:53:44.168" level="INFO">Slept 500 milliseconds</msg>
<status status="PASS" starttime="20230213 22:53:43.663" endtime="20230213 22:53:44.168"/>
</kw>
<status status="PASS" starttime="20230213 22:53:42.846" endtime="20230213 22:53:44.169"/>
</iter>
<iter>
<var name="${index}">1</var>
<kw name="Swipe" library="AppiumLibrary">
<arg>${start_x}</arg>
<arg>${start_y}</arg>
<arg>${end_x}</arg>
<arg>${end_y}</arg>
<arg>500</arg>
<doc>Swipe from one point to another point, for an optional duration.</doc>
<status status="PASS" starttime="20230213 22:53:44.169" endtime="20230213 22:53:45.009"/>
</kw>
<kw name="Sleep" library="BuiltIn">
<arg>0.5</arg>
<doc>Pauses the test executed for the given time.</doc>
<msg timestamp="20230213 22:53:45.521" level="INFO">Slept 500 milliseconds</msg>
<status status="PASS" starttime="20230213 22:53:45.011" endtime="20230213 22:53:45.521"/>
</kw>
<status status="PASS" starttime="20230213 22:53:44.169" endtime="20230213 22:53:45.521"/>
</iter>
<iter>
<var name="${index}">2</var>
<kw name="Swipe" library="AppiumLibrary">
<arg>${start_x}</arg>
<arg>${start_y}</arg>
<arg>${end_x}</arg>
<arg>${end_y}</arg>
<arg>500</arg>
<doc>Swipe from one point to another point, for an optional duration.</doc>
<status status="PASS" starttime="20230213 22:53:45.522" endtime="20230213 22:53:46.355"/>
</kw>
<kw name="Sleep" library="BuiltIn">
<arg>0.5</arg>
<doc>Pauses the test executed for the given time.</doc>
<msg timestamp="20230213 22:53:46.862" level="INFO">Slept 500 milliseconds</msg>
<status status="PASS" starttime="20230213 22:53:46.355" endtime="20230213 22:53:46.862"/>
</kw>
<status status="PASS" starttime="20230213 22:53:45.521" endtime="20230213 22:53:46.862"/>
</iter>
<iter>
<var name="${index}">3</var>
<kw name="Swipe" library="AppiumLibrary">
<arg>${start_x}</arg>
<arg>${start_y}</arg>
<arg>${end_x}</arg>
<arg>${end_y}</arg>
<arg>500</arg>
<doc>Swipe from one point to another point, for an optional duration.</doc>
<status status="PASS" starttime="20230213 22:53:46.863" endtime="20230213 22:53:47.681"/>
</kw>
<kw name="Sleep" library="BuiltIn">
<arg>0.5</arg>
<doc>Pauses the test executed for the given time.</doc>
<msg timestamp="20230213 22:53:48.183" level="INFO">Slept 500 milliseconds</msg>
<status status="PASS" starttime="20230213 22:53:47.681" endtime="20230213 22:53:48.183"/>
</kw>
<status status="PASS" starttime="20230213 22:53:46.863" endtime="20230213 22:53:48.183"/>
</iter>
<iter>
<var name="${index}">4</var>
<kw name="Swipe" library="AppiumLibrary">
<arg>${start_x}</arg>
<arg>${start_y}</arg>
<arg>${end_x}</arg>
<arg>${end_y}</arg>
<arg>500</arg>
<doc>Swipe from one point to another point, for an optional duration.</doc>
<status status="PASS" starttime="20230213 22:53:48.184" endtime="20230213 22:53:49.004"/>
</kw>
<kw name="Sleep" library="BuiltIn">
<arg>0.5</arg>
<doc>Pauses the test executed for the given time.</doc>
<msg timestamp="20230213 22:53:49.515" level="INFO">Slept 500 milliseconds</msg>
<status status="PASS" starttime="20230213 22:53:49.005" endtime="20230213 22:53:49.515"/>
</kw>
<status status="PASS" starttime="20230213 22:53:48.184" endtime="20230213 22:53:49.515"/>
</iter>
<iter>
<var name="${index}">5</var>
<kw name="Swipe" library="AppiumLibrary">
<arg>${start_x}</arg>
<arg>${start_y}</arg>
<arg>${end_x}</arg>
<arg>${end_y}</arg>
<arg>500</arg>
<doc>Swipe from one point to another point, for an optional duration.</doc>
<status status="PASS" starttime="20230213 22:53:49.515" endtime="20230213 22:53:50.336"/>
</kw>
<kw name="Sleep" library="BuiltIn">
<arg>0.5</arg>
<doc>Pauses the test executed for the given time.</doc>
<msg timestamp="20230213 22:53:50.841" level="INFO">Slept 500 milliseconds</msg>
<status status="PASS" starttime="20230213 22:53:50.336" endtime="20230213 22:53:50.841"/>
</kw>
<status status="PASS" starttime="20230213 22:53:49.515" endtime="20230213 22:53:50.841"/>
</iter>
<status status="PASS" starttime="20230213 22:53:42.845" endtime="20230213 22:53:50.841"/>
</for>
<kw name="Click Element" library="AppiumLibrary">
<arg>android:id/button1</arg>
<doc>Click element identified by `locator`.</doc>
<msg timestamp="20230213 22:53:50.845" level="INFO">Clicking element 'android:id/button1'.</msg>
<kw name="Capture Page Screenshot" library="AppiumLibrary">
<doc>Takes a screenshot of the current page and embeds it into the log.</doc>
<msg timestamp="20230213 22:53:52.448" level="INFO" html="true">&lt;/td&gt;&lt;/tr&gt;&lt;tr&gt;&lt;td colspan="3"&gt;&lt;img src="data:image/png;base64, iVBORw0KGgoAAAANSUhEUgAABDgAAAjoCAYAAAA5jhrUAAAAAXNSR0IArs4c6QAAAARzQklUCAgI
CHwIZIgAACAASURBVHic7N15dFz1fffxz51dGsmWLFsSXrEt78Z2sCHGJgYCwUmBEpxAWApxU5wU
3D5t4AnNSU9DwpNzciBb27RpiZOcmDwJhEKaNCanQJuEzTHGBrxiC2+ysI0ly9YyM9Js9z5/+LnT
kTSjdbYrv1/n6Fiz3Hu/Y+Sc3I++v+/PsCzLEgAAAAAAgIO5il0AAAAAAADAaBFwAAAAAAAAxyPg
AAAAAAAAjkfAAQAAAAAAHI+AAwAAAAAAOB4BBwAAAAAAcDwCDgAAAAAA4HgEHAAAAAAAwPEIOAAA
AAAAgOMRcAAAAAAAAMcj4AAAAAAAAI5HwAEAAAAAAByPgAMAAAAAADgeAQcAAAAAAHA8Ag4AAAAA
AOB4BBwAAAAAAMDxCDgAAAAAAIDjEXAAAAAAAADHI+AAAAAAAACOR8ABAAAAAAAcj4ADAAAAAAA4
HgEHAAAAAABwPAIOAAAAAADgeAQcAAAAAADA8Qg4AAAAAACA4xFwAAAAAAAAxyPgAAAAAAAAjkfA
AQAAAAAAHI+AAwAAAAAAOB4BBwAAAAAAcDwCDgAAAAAA4HgEHAAAAAAAwPEIOAAAAAAAgOMRcAAA
AAAAAMcj4AAAAAAAAI5HwAEAAAAAAByPgAMAAAAAADgeAQcAAAAAAHA8Ag4AAAAAAOB4BBwAAAAA
AMDxCDgAAAAAAIDjEXAAAAAAAADHI+AAAAAAAACOR8ABAAAAAAAcj4ADAAAAAAA4HgEHAAAAAABw
PAIOAAAAAADgeAQcAAAAAADA8TzFLgDOFI1GlUgkMr5mGIZ8Pp88Hn68AAAAAGAs2rp1q86ePTvg
e2688cYCVXMed6AYNtM09eKLL+rdd9/NGHKUl5drzZo1Wrx4sQzDKEKFAAAAAC5kkUhEJ06cUEdH
h0KhkCKRiMrLy1VRUaHx48drypQpKi8vL3aZOdfc3Kxp06YV5Fp/+MMf1NjYOOB7CDhQ8pqbm/XW
W2/pvffey/qeCRMmaMqUKZowYUIBKwMAAABwIWpqatKBAwd08OBBNTc3q7Ozc9Bjxo0bp2nTpmne
vHlasGCBpk+fXoBK82fz5s2aMGFCwQKOUkTAgWHr7OxUPB4f8D3hcFjd3d0FqggAAADAhebMmTPa
unWrtm3bpra2tmEf39nZqX379mnfvn2SpJqaGq1cuVKrVq3SxIkTc11uXm3evFlbt24teMdEqSHg
wLB1dHQMGnBEIhH19PQUqCIAAAAAF4qmpiY999xz2rVrV07P29bWpueee07PPfecli5dqhtuuEEz
ZszI6TXywQ438qW5uVlPP/30oMtRMvnc5z7X6/HcuXN122235a3LpKgBh2ma6unpkdfrldfrLWYp
OTMWP1NfLS0tisViA76nvb1dXV1dBaoIAAAAwFjX1NSkX/7yl9q/f3/er7Vr1y7t2rVLixYt0s03
31yyQUe+ww1JIw43MmlsbNTTTz+tBx98MCfn66vgAUdzc7N27typvXv3qrm5OfV8TU2NFi5cqGXL
lmnBggVyu905ve5LL72kpqamYR93ySWX6AMf+MCA7ynWZ8qXPXv26OzZs1q4cKFqamrkcv3PbsLN
zc1qbm5WNBod8BwdHR06evSopk+f3msOR09Pj5qamnT8+HFNmTJFCxcuzNvnAAAAADA2HD58WJs2
bdK5c+cKet19+/bp5MmT2rBhg2bPnl3Qaw+mEOGGpJyFG/k6X7qCBRzd3d169tln9corr2R8va2t
Ta+88opeeeUVzZ49W3/yJ3+iyZMn5+z6+/fv19tvvz3s4y666KKsrxX7M+WaZVk6efKkfvSjHymR
SMjtdmvhwoVavny55syZoxdffFFvvPGGOjs7lUwmBzxXOBzWf//3f+vAgQO69tprNXPmTO3fv1/b
t2/Xe++9J9M0tWDBAtXX1zOIFAAAAEBWL7zwgv793/9dpmkW5frnzp3TN7/5Ta1bt04f+chHilJD
X4UKN5ymIAFHJBLR9773Pb377ru9np8xY4aqqqrU3d2tY8eOpZY9HD58WN/+9rf113/915o6dWpO
ahjJ0JmBlMJnyjXTNPWrX/1K3d3dsixL0vnWrHfeeUdut1vRaFTxeDz12kAsy1I8Htfx48f1s5/9
TB6PR/F4XPF4PBWONDU1afv27froRz+a188FAAAAwHni8bh+/OMfa8eOHcUuRaZp6plnntGxY8e0
fv36oo4jINzIriABx89//vNeQcB1112n6667TtXV1annotGoduzYoaefflo9PT3q6urSj3/8Y33x
i1+UxzO6Mi3L0unTp3tdf6hTcbOttSr2Z8o10zT15ptvav/+/b0CjEQioUQiMarzZttNpbOzU3v2
7FFDQ4MaGhpGfA0AAAAAY0s4HNY//MM/jGjMQD7t2LFDnZ2d+tznPqeKioqCX59wY2B5v8s+dOiQ
tm3blnr88Y9/XB/72Mf6vc/v92v16tUqKyvT448/Lun8vIc9e/YMOgNjMJFIpNdQzCuvvHLApSeD
KYXPlEuWZSkUCun5558fdHeUXDJNUydPntQbb7yh6dOny+fzFezaAAAAAErXv/7rv5ZcuGFrbGzU
448/nrdBmdlkCjeuuOIKtbW15XWuhZO4Bn/L6KTPvaitrdV111034PuXLVvWawnHO++8M+oaQqFQ
r8eVlZWjOl8pfKZcSiQS2rZtm06ePFnwa3d3d+vQoUMFmYQMAAAAwBluu+22kt2V0uv16rbbbivo
NX/4wx9mDDfWr19f0DpKXd47OA4fPpz6fsmSJYP+kLpcLs2bN0/vvfeeJKX+HI30gCMQCCgYDI7q
fKXwmXLF7t54+eWXBx0c2ldtbW1qUKjX61UkEtGRI0d0+PDhIW8Ra1mWWltb9dZbb2nhwoUl38Xx
wgsvaMeOHTpx4oQkacqUKVqxYoWuv/76IlcGAAAAjB3Tpk3T+vXrtWnTpmKX0s/69es1bdq0gl3v
7/7u79TS0tLrOcKNzPIecKxatUqXX365JA35hyB9LVN7e3vW923btk2/+c1v5PP5tG7duqxbjqYH
HPX19TIMY0h1ZJPPz1QMpmkOa2mKz+fTihUrtHLlStXV1cnn88nlcimZTGr58uU6dOiQXnnlFR09
enRIoYl9/aEMLy2W1tZWbdq0qV+bXFNTk5qamrRjxw5t2LBBkyZNKlKFAAAAwNiyYsUKHT9+XM8/
/3yxS0lZu3atVqxYUbDrEW4MT94Djg996EPDPiZ9KGW25SSdnZ164oknUjfQP/rRj/Too4/K7XZn
fK8tFzeg+fpMxWAYhsaNG6e7775bv/nNb3p1p2SzYsUKXXPNNZo8eXK/YanBYFAVFRXy+Xx68cUX
deTIkQHPFQwGtWzZMl199dUl24ImKWO4ka6pqUmbNm3Sl770pQJWBQAAAIxtt9xyi06cOKG9e/cW
uxQtXrxYt9xyS8GuR7gxfHmfwTFcpmlq3759qcfZujKi0Wiv7oCurq6su32kL5eYMGFC6nvLshSJ
RBSJRPLaPTDUz1QsXq9X8+fP1+23366VK1cO2OFSW1urlStXZgw3bIFAQAsWLNDixYsHDHNqamp0
7bXX6mMf+5imTp0ql6vkfhwlnV+WMpQBR01NTXrhhRcKUBEAAABwYTAMQxs2bFBdXV1R66irq9OG
DRtGvRpgqAg3Rqa09irV+WUn9nwDSVq5cmXG902cOFFr1qzRyy+/LElat26d/H5/xvd2dHSkvg8G
g9q1a1dqS1S7u8Pr9Wrx4sVatmyZli9fntNugqF+pmLyeDyaNm2abrjhBkWjUe3atUumafZ734IF
C1RXVzfoNrdlZWWaPXu2Dhw4kHEeR3V1ta644gpdeeWVGj9+fM4+Rz4MZ9/tHTt2MI8DAAAAyKFA
IKCNGzfq61//eq/O+EIpKyvTxo0bFQgECnK9TOHGokWLCDeGoGQCjng8rm3btunnP/956rl169Zl
TeoMw9Cdd96pj370o3K73aqqqsp67nPnzqW+/9WvfpVxLkQ8Htdbb72lt956S//1X/+lz3zmM5o8
efIoPtHwP1OxGYah2tpaTZ48Wbt37874nvr6+iEPAq2qqsoaXpSXl+uiiy4q+XBDUq9wKpfvBQAA
ADA0dgfFd7/73YLO7it0B0mmcEOSPvrRjxbk+k5XlICjsbExNeshHo+rvb1d+/fv7xVE3HTTTfrI
Rz4y4HkMw1BNTc2g1ztz5kzq+6EMvWxubtZ3vvMdff7znx9yyJGrz1QK3G531tYrr9c75KUkbrc7
40wU6fx/u1JdkgIAAACg9CxatEi33nqrnn766YJd89Zbb9WiRYsKcq1s4QaGrigBR3Nzs375y19m
fK22tlbr16/X7Nmzc3Ity7J6/ZD4fD790R/9kZYsWaLq6mp5PB6FQiEdPnxYzz33nE6dOiXp/GDS
n/zkJ3rggQeGtFylkJ8p32KxWNZUNBKJDHk72VgsplgslvE10zSzzkwpNVOmTBnSDA77vQAAAADy
49prr9X777+fGlWQT2vWrNG1116b9+tIhBu5UnK/Qm9padEzzzyj/fv35+ycf/u3f6v169fr6quv
1he/+EV97GMf05QpU1ReXi6fz6cJEybosssu00MPPaT58+enjjty5IjefvvtUV8/H58pHyzL0u7d
u7V3796M8zck6ejRo0Ne93b69Gm1trZmfK29vV179uzRsWPHRlpuwQxnG6hCbhkFAAAAXIjuuOMO
NTQ05PUaDQ0NuuOOO/J6DRvhRu64v/KVr3yl0BetqqrSihUrdOWVV2rlypVavHixampqdPr0acXj
cZ07d06vv/66/H7/qLseDMNQZWWlpk2bpksuuUTjxo3L+l6v16s5c+Zo69atqe6CSCSiK664oqQ+
Uz50d3dr69at+u1vf6vm5uasHRzhcFj19fWaOHHigING29ratH37djU2Nmbs1LCX8XR0dMjn86mm
pqZkl6zMnj1be/bs6TWsNpMZM2Yw+AcAAADIM8MwtHTpUr3xxhvq6enJ+fmrq6v14IMPZt3EIpeG
Gm6sWrUq63iGP/zhD2pra5MkzZ07V/PmzctpjVu2bMnp+aTz4xvyoSgBR1lZmaqrq1VdXa2amhpN
njxZCxcu1KpVq9Te3p4a1PjOO+9o3rx5Q5qzkSvl5eWKRCKpeRpnzpzRtddeO+gylVL+TIMJh8P6
z//8T7366qs6efLkgO+NxWIKh8OqqKhQVVVVxr+XtrY2bd26VTt37sy4g4otHo/r7Nmzamtrk9fr
VX19fcmGHPPnz9fhw4ezhhwzZszQhg0bFAwGC1wZAAAAcOHx+XyaN2+e/vCHP2TtPh8Jr9erz3/+
85o0aVLOzpnNcDo3CDiGpmR2UZGkyspK3XPPPTpz5oyOHDkiSXrxxRc1d+7cgtYxf/58vfDCC6nH
bW1tKi8vH9G5SuUzZWNZlnp6erR169YBw4h0R44cUTKZ1Pvvv69Zs2apqqpKHo9H0WhUp0+f1sGD
B7Vnz57UP7KBRKNRHT16VOPGjdOyZcsG3X62WCZNmqQvfelLeuGFF7Rjx45UYDVlyhStWLGCrWEB
AACAAps2bZrWr1+vTZs25eyc69ev17Rp03J2vmxYlpIfJXc36fV69eEPfzgVBuzevVvt7e0DbgOb
axMmTOj1eLR7LZfCZ8rGMAz5/X5NnTpV77zzzpCOSSaTOnLkiM6cOaN33nlH48ePl9vtViwWU2tr
q1pbW4fVKhYIBAZd8lIqrr/+esIMAAAAoESsWLFCx48f1/PPPz/qc61du7YgM/UIN/KnJO8o++5E
0dLSUtAwoO/WpkPdNWQgxf5MAykrK9NVV12lY8eODSvM6ezsVGdn56iu7Xa7U10Q2baUBQAAAIBs
brnlFp04cUJ79+4d8TkWL16sW265JYdVZUa4kV95HXgQi8XU2NiY+gqFQkM6zufz9Xocj8dHdH3L
snTkyJHUVyQSGdJxfW/yy8rKUt8X+zPlg9vt1rx587Rs2bKCX7uqqkpLliwpSBsYAAAAgLHHMAxt
2LBBdXV1Izq+rq5OGzZskGEYOa6sN8KN/MtrB0c0GtW3vvWt1OP7779fS5cuHfS4vgHDSAc3Goah
H//4xzp9+rQk6d5779Vll1026HHvv/9+r8fV1dWp74v9mfKlrKxMH/7wh3XgwAGdO3euINf0+Xya
OXNmUYIVAAAAAGNHIBDQxo0b9Y1vfGPIswWl8zMTN27cqEAgkMfqCDcKJa8dHMFgsNe2rPbOJIM5
duxYr8ej2XFkzpw5qe/37NkzpGPefPPN1PfTpk3T+PHjU49L4TPlg2EYmjp1qq644opeO5lMmDBB
ixcv1qpVqzRlypRhz8moqKjQggULtGLFCs2cObNXsDNx4kQtXbq05P4uAAAAADhPXV2d7rvvviEv
fXe73brvvvtG3PkxVIQbhZPXgMPlcvXqmPjd736X6qbIpru7W7/97W9Tj5csWaLKysoR15DeXfH6
66+nBn1ms3//fr399tupx1deeWWv10vhM+WLy+XSmjVrtGDBAs2aNUvLly/Xtddeq1tuuUWf+tSn
tHbtWn3gAx9QVVXVoNu5ejweXXzxxVqzZo1uvvlmffKTn9QNN9ygNWvW6JJLLlFDQ4OWLVumhQsX
FujTAQAAABjrZs+erdtvv31I77399ts1e/bsvNZDuFFYeR8yumbNGr388suKx+OKxWL6l3/5F919
990Zf5Da2tr01FNP6eTJk6nn1q5dm/Xc27Zt029+8xv5fD6tW7cu483ywoULNWvWrFSw8YMf/EB/
+qd/2quzw7Zv3z798Ic/TD2uqanJuKQln5+p2Kqrq/Xxj39coVBIU6dOVWVlZWot2gc/+EE1NDTo
2Wef1d69exWNRrOeZ9y4cVq9erVWrlyZmj9SXV2t+fPnq62tTZ2dnZowYYIqKioK8rkAAAAAXBjW
rFmj5uZmvfzyywO+Z82aNXmtg3Cj8PIecNTX1+vOO+/U5s2bJUmnTp3SY489pvnz52vOnDkKBoOK
xWJqbm7Wm2++2WvHko9//ONqaGjIeN7Ozk498cQTqff/6Ec/0qOPPtqvHcnj8eiuu+7S3//936ur
q0ttbW365je/qfnz52vu3LkqLy9Xd3e3Dh48qAMHDvQ69s4778w4KyNfn6lUTJ8+PetrNTU1mjJl
it59990BA44JEyZo0qRJ/Yarer1e1dfXq76+Pmf1AgAAAEC6O+64QydPntShQ4f6vdbQ0KA77rgj
r9cn3CiOgmwTu2rVKgUCAT311FPq6OiQJB04cKBfoGDz+Xz65Cc/OWCiFo1GewUHXV1dSiQSGddb
TZ06VX/1V3+lzZs3q7m5edDre71efeYzn9HixYsL+pmcYuLEif2Ci74qKipUXl5eoIoAAAAA4H+4
XC7dd999+trXvtZrE4Xq6mrdd999gy65H418hBtPP/10r90907333ns5vZaTFSTgkKRLL71UDQ0N
2rZtm1599dWMcyvGjx+vK664QqtXr1Ztbe2A55s4cWJqqYgkrVu3Tn6/P+v7p02bpi984Qt64403
9PLLL6upqSnj9S+77DJdc801mjhxYsE/k1OMGzdOXq93wPdUVlYScAAAAAAomoqKCm3cuFGPPvqo
4vG4vF6vNm7cmNdl8vnq3LB/UV8MZWVl/XYFHe358sWwLMvK29mzsCxLZ8+eVUdHh6LRqLxeryor
KzVp0qRhJWn2edxut6qqqoZVQ3t7u86ePatoNCqfz6fy8nLV1tYOeeJutlpG+5mcoKWlRU8++aSO
Hz8u0zT7ve52u3X11VfrqquuKslhqgAAAAAuHDt27NCmTZu0YcMGrVixIm/XKYVlKTfeeKNuuumm
nJ7z17/+tbZs2ZKz8+WjRltRAg443+uvv6733ntPiUSi32tlZWVaunSpZsyYUYTKAAAAAKC3I0eO
aNasWXk7/44dO/TSSy/l7fzTpk0bUufDvHnzNHfu3Jxfv7GxUQcPHhz1efJVn42AAwAAAAAAON7Y
WjsBAAAAAAAuSAQcAAAAAADA8Qg4AAAAAACA4xFwAAAAAAAAxyPgAAAAAAAAjkfAAQAAAAAAHI+A
AwAAAAAAOB4BBwAAAAAAcDwCDgAAAAAA4HgEHAAAAAAAwPEIOAAAAAAAgOMRcAAAAAAAAMcj4AAA
AAAAAI5HwAEAAAAAAByPgAMAAAAAADgeAQcAAAAAAHA8Ag4AAAAAAOB4BBwAAAAAAMDxCDgAAAAA
AIDjEXAAAAAAAADHI+AAAAAAAACOR8ABAAAAAAAcj4ADAAAAAAA4HgEHAAAAAABwPAIOAAAAAADg
eAQcAAAAAADA8Qg4AAAAAACA4xFwAAAAAAAAxyPgAAAAAAAAjkfAAQAAAAAAHI+AAwAAAAAAOB4B
BwAAAAAAcDwCDgAAAAAA4HgEHAAAAAAAwPEIOAAAAAAAgOMRcAAAAAAAAMcj4AAAAAAAAI5HwAEA
AAAAAByPgAMAAAAAADgeAQcAAAAAAHA8Ag4AAAAAAOB4BBwAAAAAAMDxCDgAAAAAAIDjEXAAAAAA
AADHI+AAAAAAAACOR8ABAAAAAAAcj4ADAAAAAAA4HgEHAAAAAABwPAIOAAAAAADgeAQcAAAAAADA
8Qg4AAAAAACA4xFwAAAAAAAAxyPgAAAAAAAAjkfAAQAAAAAAHI+AAwAAAAAAOB4BBwAAAAAAcDwC
DgAAAAAA4HgEHAAAAAAAwPEIOAAAAAAAgOMRcAAAAAAAAMcj4AAAAAAAAI5HwAEAAAAAAByPgAMA
AAAAADgeAQcAAAAAAHA8Ag4AAAAAAOB4BBwAAAAAAMDxCDgAAAAAAIDjEXAAAAAAAADHI+AAAAAA
AACOR8ABAAAAAAAcj4ADAAAAAAA4HgEHAAAAAABwPAIOAAAAAADgeAQcAAAAAADA8Qg4AAAAAACA
4xFwAAAAAAAAxyPgAAAAAAAAjkfAAQAAAAAAHI+AAwAAAAAAOB4BBwAAAAAAcDwCDgAAAAAA4HgE
HAAAAAAAwPEIOAAAAAAAgOMRcAAAAAAAAMcj4AAAAAAAAI5HwAEAAAAAAByPgAMAAAAAADgeAQcA
AAAAAHA8Ag4AAAAAAOB4BBwAAAAAAMDxCDgAAAAAAIDjEXAAAAAAAADHI+AAAAAAAACOR8ABAAAA
AAAcj4ADAAAAAAA4HgEHAAAAAABwPAIOAAAAAADgeAQcAAAAAADA8Qg4AAAAAACA4xFwAAAAAAAA
xyPgAAAAAAAAjkfAAQAAAAAAHI+AAwAAAAAAOB4BBwAAAAAAcDwCDgAAAAAA4HgEHAAAAAAAwPEI
OAAAAAAAgOMRcAAAAAAAAMcj4AAAAAAAAI5HwAEAAAAAAByPgAMAAAAAADgeAQcAAAAAAHA8Ag4A
AAAAAOB4BBwAAAAAAMDxCDgAAAAAAIDjEXAAAAAAAADHI+AAAAAAAACOR8ABAAAAAAAcj4ADAAAA
AAA4HgEHAAAAAABwPAIOAAAAAADgeAQcAAAAAADA8Qg4AAAAAACA4xFwAAAAAAAAxyPgAAAAAAAA
jkfAAQAAAAAAHI+AAwAAAAAAOJ6n2AUg/yzLKnYJAAAAAFBUhmEUuwTkGQHHGNI3yLAfZ3seAAAA
AMaqvoGG/Tjb83A+Ag6H6xtiWJbV76vv85mOBwAAAACnyxRe2F99H9tflmVlDT/gLAQcDpMeSKSH
FqZp9vreZhiGXC6X3G53xn/MAAAAADCWZPqlr2maqXsmm8vlSt0XpX+ffp/EPZOzGBa/wneE9E4M
+x+m/Y/UNM1eQYbb7ZbLxfxYAAAAAMjENE0lk0klk8nU/ZXL5Up9pYceEkGHUxBwlLC+y0vSAw27
jcrj8cjj8fAPDgAAAABGyLIsJRIJJRKJ1L1W38CDsKP0EXCUoL7dGvZXMpmUy+WSx+OR1+stcpUA
AAAAMDbF43ElEgmZppnqkE8POySCjlJEwFFC+gYbdsuUJHk8Hvl8vmKWBwAAAAAXnFgspkQiIUm9
RgIQdJQeAo4SkC3YsLs1PB5mwQIAAABAMdlLWOyuDoKO0kPAUWR952vYyaDf75fb7S5ydQAAAACA
dMlkUtFoVNL5TvtMczpQHAQcRZK+ZZHdsWFZlnw+Hx0bAAAAAFDiEomEYrGYDMNIdXRk2moWhUPA
UQR9gw3TNOX1ehkcCgAAAAAOE4/HFY/H5XK5+gUdKCwCjgKy/6rtORuJREIul0uBQKDIlQEAAAAA
RqOnp0emacrj8aTmc0jM5igkAo4CSZ+1kUgklEwm5fP56NoAAAAAgDEiHo8rFovJ7Xan5nPQzVE4
BBwFkL4kxR4iWlZWVuSqAAAAAAD50N3dLUmpbg5CjsIg4Miz9K1fE4mE3G63/H5/scsCAAAAAORR
NBpVMpnstWSFkCO/CDjyxP5rtQeJJhIJ+f1+dkgBAAAAgAtEIpFQNBpNhRxut1sScznyhbvtPMg0
b6OsrCw1ZAYAAAAAMPbZczi6u7tTvwRn+Gj+0MGRY33DDdM0VV5eXuyyAAAAAABFFIlE5HK5GD6a
RwQcOZQebsTjcUkMEwUAAAAAnGcPH/V6vYQcecCaiRwh3AAAAAAADMS+R4zH4zJNM3Ufidwg4MiR
9GUpEuEGAAAAAKA/+17RHmlAwJE7BBw50HfmBuEGAAAAACCbsrKyXveQhBy5QcAxSna4YW8Hy0BR
AAAAAMBgysvLU/eRhBy5QcAxCvZ6qWQyqUQiQecGAAAAAGDIysrKlEgklEwmmceRAwQcI5QebsTj
cfn9/tR+xgAAAAAADMblcsnv9ysejxNy5AB35KNg75ji8Xjk8XiKXQ4AAAAAwGHs+0l7ZxWMHAHH
CKRvB2sYhvx+f7FLAgAAAAA4lN/vl2EYvbaPxfARcAyT3TJkr5Ni7gYAAAAAYLTKyspS8x1ZqjIy
BBzDlD5UlM4NAAAAAECu+P3+XkNHMTwMjhiG9O4Nl8slr9db7JJywgp1KXH4XcV37VRs187UKJFR
RAAAIABJREFU84lDjbLCodRjI1ghT8NcGRWV8s6eK1f9RfItuVSu+snFKBsAAAAAxhSv16tEIpG6
57QsS4ZhFLssxzAsYqEhscONeDyueDyuioqKYpc0KolDjer+xVNKHG5U4nDjqM7lqrtIvqXL5V99
lXyrr8pRhQAAAABwYQqFQvJ6vfJ6vTIMg5BjiAg4hshemhKLxeTxeOTz+Ypd0rCZ759UdOvLijz7
pMzTp/JyDSNYIf/qqxW85146OwAAAABgBGKxmBKJhHw+n9xuNwHHEBFwDEF690YikVAwGCx2ScNi
hboU+t531PPCloJeN3D9jQQdAAAAADAC4XBYHo+HLo5hIOAYAnvuRjQaVSAQkMfjjNElVqhL3b94
SpFnn+w1S6PQgvdsUNm622VUVBatBgAAAABwkkQioZ6eHvn9fnk8HgKOISDgGIRlWTJNU/F4XMlk
0jHdG/FdO9Xx5S8UNdhI56q7SOMe+rK8S5cXuxQAAAAABRLqkQ63mJKkXU1JSVLdeEP1VS4F/VJD
HRt7DiQcDsvtdsvr9crlchFyDIKAYxDp3RtlZWVyu93FLmlQkSc2KfzEpmKXkVHZuttVcf8DxS4D
AAAAQJ6EeqTn98S1qymp1xqTA763bryhK+d6tGquW8tmlP69VqElk0l1d3fTxTFEBBwDsGdvxGIx
maap8vLyYpc0ICvUpY6Hv6D4rjeLXcqAfKuv0rgvfJklKwAAAMAYEuqRfvFGXM9sjykcHf7xS6e7
dc+HvAQdfUQiEblcLvl8PmZxDIKAYwDp3Rt+v19er7fYJWVlhbrU/uB9o97ytVC8Sz6gqm8/Xuwy
AAAAAOTA201JffmZnhEFG32tXeLR/df5VREY/bnGgng8nronpYtjYCx4GoA9f0NSSYcbiUONarvr
ZseEG0YwqIr7Hyx2GQAAAABy4PndCT3409yEG/b5Hvhpt0I9uTmf09n3oqZpiv6EgdHBkYVlWUom
k4rFYnK73fL7/cUuKaPEoUa1P/jnJTNMdDBGMKiqbz0uT8PcYpcCAAAAYJT++cWYfvFGPC/nDvql
799brvrxdCxEo1Elk0n5fD653W66OLKgg2MA9u4ppRpu2DM3CDcAAAAAFNrzuxN5CzckKRyVvvxM
D50ckvx+v+LxeGqFATIj4MjAHi6aTCbl8XiKXU5Wnd94RObpU8UuY0gINwAAAICx49BpU49tydGa
lAEcPm3qsS0kHJLk8XiUTCZT96vor3Tv3ossmUwqmUyWbPdGePP3FXvtpZye0wgG5V26XL6ly1NB
hGf2+T/t+R7J908pvmunoq/9XlY4POTzEm4AAAAAY8eXnylc6PBaY1LP705o7ZIL+/bV5/OllqqU
8i/ii4kZHBlYlqV4PK7u7m6NHz++2OX0E9+1U+0P3pez8wWuv0GBtTfKu3T5sI5LHGpU9y+eVM8L
z2V9D+EGAAAAMLY8vztRkO6NdHXjDf1sY3lBr1mKOjo6VFZWJq/XyxyODAg4MjBNU9FoVKZpKhgM
FrucftruujknS1N8q9ao8v4H5KqfPKrzmO+fVPiJTf2CDsINAAAAYOy5858jOt1R+NvIh270X/Bd
HOFwWC6XS36/Xy4XEyf6urB/OjKwt4a1J9SWmvDm74863HDV1qty4wPyrb46JzW56ier8qGH5V99
lTof+6qscJhwAwAAABiD3m5KFiXckKRXD+ZvmcrJcIvebN2vrlhYl9Yu1LyqmXm5zmh5vV7FYjGZ
pinDMOji6IOAIwPLspRIJEque8MKdan7F0+N6hyeWXNU9e1/lVFRmaOq/odv9dWq+tZkhb73LVXc
/yDhBgAAADDGvNaYLNq1t76bVKhHqgjk9rzf3/tzbdr3b72eu2rK5Xr4gxtV6S2te0Kv16tIJMKQ
0SzoaenD3j3F5XKVXBoW3/FVGd6hDfbMJHD9DXkLN2yehrmq+jadGwAAAMBY9FpjYkxd//cntvcL
NyTppRPb9f29T+f0WrlgGIZcLldqNxX0RsCRxt5uxzTN0ptKm2iXy9iscX+6W545HcM+3LvkA6p8
6OG8hhsAAAAAxrZiLU+xvd9h5vR8Tx7ckvW1pxqzb6ZQTB6PR6Zpsl1sBgQcfdgdHKUWcJjH/1FK
dMgIJFX5yaMKrB76HA7PrDka/8g381gdAAAAgLEuVLidYQtWw5ut+wd8fWfLvtxeMAc8Hg8dHFkQ
cPRhmqZM05Tb7S52Kb2Yp57o9bhszWlV3nVIhn/wFi06NwAAAACM1qHTxZu/ka8a5lTNGPD1udUX
5/R6ueB2u1P3reittNoUSoDd5lNSAUfX21LP8X5Pe6aHNP7PDqrrmVlKtpRlPLT87nuZhwEAAADg
ghB77feK7XpTicONiu96U666i+RpmCvv7LkqW3d7v1/8Xj3lcr3b3pTxXJdOWlhyQ0al8wEHy1My
I+BIY6dgpbafcN/ujXTG+LjG/dlBhbdMV2zPhF6vuWrrVf6JO/JdHgAAAIALQENd8X8JnK0GK9Sl
zm88othrL/V63jx9SrHTpxR77SVFnn1S4x76snyrr069/tnFn9LOln39lqrUl0/Uwx/8i5zXnysu
l6tkVx8UEwFHHyUZcLT+x6DvCd54XN4ZIUVenCwrev4/a/DTn2VpCgAAAICcyPX2rLmqIXGoUe0P
/rmscGjAY61wSB0PP6TA9Teq8qEvp55//MOP6NdHf6edLfvUFQ9ree0i3TTzmpLs3rDZAQd6I+BI
U5LLU3qOZVyekonvkrNy13ar65mZsuJl8q++Kr+1AQAAALig1I0zdLqzeEsj6sf3/2V012NfHTTc
SNfzwhb5V6/p1clx08xrdNPMa3JRYkG43W4GjWZQWq0KRWYHHKXUwWF1Z14Plo27rlvj/+ygKj61
mO4NAAAAADm1el5xf0e+em7v64c3f1+JI+8O+zydjz0iK9SVq7IKzuVyMYcjAzo4+ii1JSrWuZcG
f1MfRiCpwNobc1bD5ldiMmTk7HzDcc+HvEW5LgAAAID+Vs916xdvxIty7VVz3P2WqER+8oMRncsK
hxR59kkFP/3ZHFRWeCxRyYyAI41lWTJNU4ZRnJv5TKyuXSM6zqjO3fKUJ14pzv+ASdKS6S4tm1FC
S4YAAACAC9iyGe6iLVO5sk/3SOJQ46jOlzg8uuOLyTAMmaZJB0cfpdOqUAJKcYmKEu3DP6ZiieSp
yn0tAAAAAC54n17jK/g168YZWrukT8AxyoAicXj4S1tKBUtUMiuhO/nSYFlWSXVwjIQRmFHsEnJm
1/FksUsAAAAAkGbtEo/qxhX2nun+6/39nku+f3JU5zRPnxrV8cVkGAbhRgYEHBmUUsBhtb8y7GOM
yqV5qAQAAAAAznvk1sLtGbtqjltXzu2/bN23bPmozutd8oFRHV9MpXTPWkoIONLYMzgAAAAAANk1
1Ln00I39uypybVatS39zU+YwxTN77qjO7Zk9b1THFxszOPoj4AAAAAAADNvaJR6tuyx/ux4G/dL/
uTXQb+cUm1FRKc+sOSM+v2/ZpSM+FqWJgKMPWn0AAAAAYGg2fsSXl06OWbUu/WxjUPXjB74/q3zo
4RGd37dqjXyrrx7RsaWCe9f+CDj6KLlJtBVLhn3ISLeWBQAAAIDhWrvEo2/dFVAwRznHusu8+s6f
lGXt3EjnaZir8rvvHdb5jWBQ40YYjJSKkrtvLRGewd9y4SmlnVQMz3gN+8d2JFvLAgAAAMAILZvh
1s82BvXsGzE9uz2ucHT451gy3aVPf8inZTP6DxQdSPDTn5UkRX7yg0Hf65k1R5UPPSyjonL4BZYQ
wo3MCDjSGIYhwzBkmqZcrhJpbvFUDfsQq/2V8yHHCI4tNRX+0giaAAAAAAysIiB9+kM+feIyn57f
HdfbTUltfTc54DF14wytnufR6rnuYQcb6YKf/qz8q69W12NfVeLIuxnfU373vakwxOlM00zdv+J/
EHD0YQccpcKoXCrrzK+HfZx17iUZk27OQ0WFNbuuRIImAAAAAENSEZA+cblXn7jcq1CPdOj0+ZBj
1/Hzf9aPd6luvKGKgKGGHP7/fU/DXFV//6eyQl1KHG5U7O2dctdPlmf2XHkaRrfjSqmxAw70RsDR
h2EYJdXuY1RfJR392rCO6bZ8+l3zm/rjMRBw1FcRcAAAAABOVRFQqjNjNB0aw2FUVMq7dLm8S5cX
5HrFUEpjFUoJAUcau8UnkUjI78//ns5DYZTNGNb7GxPj9MWuy9TVeVTXXBJWpTc46hr++0ujP8fz
uxN6bMvwF+INNjUZAAAAAC40iUSCJSoZEHCkSQ84SkbgYikwXeo5Puhbn4tO09+HFilk+aRkRL9/
b7tumnlN/mscglcPDv/vdFYt3RsAAAAAhqHnmKyu3bJCu2Sde0kKXCyjcun5r6o1xa4uZwg4MiPg
6MPlcpVWwCHJNemPZTb/04Dv+VpoqZ7r6d3tsWnf07p66uU56eIYrcGGC2VSqBY2AAAAAA6XaFdy
/72yWv+jzwsvyzr1/7/1jJd74Q/GxKzCZDIpj4fb+b74FXkawzBKM+C46J6sr50yy/Tpc2v6hRuS
dCrcqicPbslnaUOy+ZXYiI5bSsABAAAAYBBW66+UeG1OhnCjj0SHkrtvVXL3J8/vOulgiURCLpeL
Do4+CDjS2C0+lmUpmRx+x0HeVC47v0ylj7fiE3TPuavUmMy+Heymff+mg+1H81ndgEI90rPb4yM6
dtl0Ag4AAAAA2Vmtv1Jy961SomMYx/yHEjs/kseq8iuZTKaGjBJw9EbA0YedgpVcF8e0/9Xr8Q8j
c3V/x5Xn520M4pHX/1ld8XC+ShvQ5ldiCg9/tqhWzXGrIpD7egAAAACMEf9/WcqIhHbJPPJIbusp
EHv+hsvF7Xxf/I2ksX9IPB6PYrGRLavIF9fkexRVQCHTo40dq/SDyPwhH9vYfkxfePWxPFaX2fO7
E/rFGyPr3rhyHuvJAAAAAGSX3PWJYXVu9GUe/ZrU9XYOKyqMWCwmj8fDEpUMCDjS2C0+LpdL0egI
2g7yyVOltyo+oXs6rtKb8YnDPnxnyz59dfs/FayT49Bpc0TbwkpS0C+tnkvAAQAAACAz69xLstpf
GfV5ko0P5qCawopGo6lwg4CjNwKOPlwul9xut6LRqCzLKnY5vSy99J/U6Zo04uO3HP29/vy3D+c9
5Hh+d0IP/N/uER//icu9LE8BAAAAkJXVtSs35wntzsl5CsWyLEWjUbndbpaoZMDfSB+GYcjtdpfk
MpVKb1CfXXzbqM7R2H5Mdz3/v/X7E9tzVFVvP93Wrse2REc0d8O2dok3dwUBAAAAGHOsUG4CDiU6
pJ5juTlXAdjLU9xuN90bGRBwpElfouJ2uxWJRIpdUj93zr1R9eXDX6KS7lS4VV949TH971cf08lw
S07q+v2J7frjLffpu8f+UsmyAyM+z7rLvKofzz9UAAAAANnlqoNDkqzuppydK98ikUiqe4MlKv0x
6KCP9A6O7u6RL7PIp6988C/15797eNTneenEdr10YrtunHm1brz4Gi2vXTSs47viYW05+nttOfo7
NbYfO/+kIYUnf13+M3fJ33H9sM4X9Euf/tDgu8IAAAAAuLAZnvEqrYEChdHT06OysjI6OLIwrFIb
NFFklmUpmUyqu7tboVBINTU18vlK76b7+3t/rk37/i2n56zwlmt57WItr12kedUXS5LmVF2sSm9Q
b7bukySdDLeq8dxRNbYf086WfQOezxO+VGWtG2Qky4d0/Ydu9GvtEjI3AAAAAAMzGx+Q2fxPOTmX
56oWyVOVk3PlUywWU1tbmyoqKgg5siDgyCCZTCoWiykUCsnj8ai6urrYJWX04KuP6uUTbxS7jAG5
otNV1nqv3NEZA75v1Ry3/s+tTBYFAAAAMDjr1GYl928Y/YkC0+VZfWj05ymAc+fOKZFIqKKiQj6f
T263u9gllRxmcGSQvkwlFAoVu5ysvvLBvxj1PI58M/3HFb7o64pVvpr1PXXjDP3NTYQbAAAAAIbG
qFhaUucpBPsX8HRuZEfAkYE9rMXr9crr9ZbsLI5Kb1Df/NDfKOgd2hKQonF3q6d2k3pqftrvpaBf
euTWANvCAgAAABi6ymVyTfuL0Z3DPU7uRT/MTT151t3dnbo/ZbhodgQcWdg7qXg8HnV1dRW7nKzm
Vc3U4x/+aumHHJJiVS8oNPXvZLn/Z3eaRz4ZUEMdP4YAAAAAhsc199tSxZIRH+9e9ENHzN6QpK6u
rlT3hsvF/VM2/M1kYCdibrdbXq9XsVhMsVis2GVlNa9qpn59079oTtXAcy5Kgek/rq5pDyhZdkAP
3ejXshmsGwMAAAAwMp6FP5Dc44Z9nHHR3TIm3ZyHinLPvh/1er2p5Sl0cGRGwJGFYRhyuVzyeDzy
er0lPYtDOr9c5fEPP6JLJy0sdimDCgYMfeuuADumAAAAABidymXyrNwho+pDQ3u/e5xcc74p90Jn
LE2Rzs/e8Hq98ng8crlchBsDYBeVAZimqXg8rkgkolAopIsuukgeT+nflOdjC9lcmVM1Qw9/8C80
r2pmsUsBAAAAMIaYx/9RZvM/Sj3HM75uTLxJ7nnfkgIXF7awUUgkEjp16pQqKipUXl4ur9fLEpUB
EHAMwLIsJRIJ9fT0KBwOy+v1qqampthlDcnOln36yuvf1fuRM8UuJeX2uTfos4tvU6U3WOxSAAAA
AIxViXZZXbtknXtJRtmM8zulVC4rdlUj0tbWpng8rmAwqEAgII/HQwfHAAg4BmBZlizLUiwW69XF
4fV6i13akHTFw3ry4Bb9rPE5heORwQ/Ik/ryifrKB/9Sy2sXFa0GAAAAAHCSeDzeq3vD5/Mxf2MQ
BByDsLs4otGoQqGQXC6Xamtri13WsHTFw/r+3qf1VONzBb1ufflEfXbxp3TTzGsKel0AAAAAcLqW
lhaZpqmKigr5/X66N4aAgGMQlmX1msURDoc1adIkBQKBYpc2bCfDLfr9ie168uCWvC5duXTSQt04
8xqCDQAAAAAYgZ6eHrW2tioYDPaavUHAMTACjiFI7+IIh8OKx+OaOnVqscsalYPtR/XkwefU2H5U
77Y3jfp8l05aqKumXq6rp1yuyUFndbgAAAAAQCl577335PV6FQwG6d4YBgKOIUjv4rAHjlZUVGj8
+PHFLi0nuuJhNZ47pp0te7WzZV/q+YPtx/rN7rC3oV1eu0gVvqDmVc1ktgYAAAAA5EhHR4dCoVBq
sCjdG0NHwDFElmUpmUyqp6dH3d3dCofDmjx5snw+X7FLAwAAAACMAbFYTCdPnlQwGFRZWZkCgYDc
bjfhxhCxge4wuFwueb1e+f1++f1+tba2FrskAAAAAMAY0dramrrftDs3MHT8bQ2RvR2Px+NJhRyW
Zens2bPFLg0AAAAA4HBnz56VZVmpcMOeu0H3xtARcAxDeshhp2pdXV0Kh8PFLg0AAAAA4FDhcFhd
XV2p+0zCjZEh4BgmwzDkcrnk8Xjk8/nk9/t1+vRpxePxYpcGAAAAAHCYeDyu06dPy+/3y+fzyePx
MFR0hAg4hqlvwBEIBOT3+3Xq1CmZplns8gAAAAAADmGapk6dOiW/369AIEDAMUoEHCPQdx5HIBCQ
y+VSS0tLsUsDAAAAADhES0uLXC5XajtYlqaMDgHHCBmGIbfbnVqm4vf7FYvF2FkFAAAAADCo1tZW
xWKx1P2kz+djS9hRIuAYITtV67t1bCQSUVtbW7HLAwAAAACUqLa2NkUikX5bwtK9MTqeYhfgZOnz
OEzTlGmasixLnZ2dkqSampoiVwgAAAAAKCVtbW3q7OxUWVlZry1hmbsxegQco5TexZGOkAMAAAAA
kC493LA3rEjv3sDoEHDkiB1yWJYly7IkSV1dXTJNU5MmTSpydQAAAACAYmptbVU4HE51bvh8vlS4
gdwg4MgBO2nL1MkRDoeVSCRUV1fHDy4AAAAAXGBM09Tp06cVjUZTXRvM3cgPw7LbDTBqdvdGMplU
PB5XLBZTT0+PotGoDMPQRRdd1C8AAQAAAACMTfF4XKdOnZJlWfL7/QoEAqnODXvHFMKN3CHgyLH0
kCORSKRCjlgspmg0qvr6elVUVBS7TAAAAABAHoVCIb3//vup5Sh2uOHxeAg38oQlKjlm/4D2/YG1
W4/s1iSGjwIAAADA2NTW1qb29vbUkhSfzye/399rtxTCjdwj4MiD9FDD4/GknrN3XOns7FQkElFt
ba38fn8xSwUAAAAA5Eg0GlVLS4sSiYTKysrk8/lSX4Qb+ccSlTyy/2pN01QikVA8Hlc8Hlc0GlUs
FlMsFtPEiRNVVVVV5EoBAAAAAKPR3t6uM2fOpAINe5Co1+tNhRuSCDfyiICjACzLkmmaveZy2EFH
PB6X2+3WpEmTVFZWVuxSAQAAAADD0N3drdbWViWTSXm93lSwkT5vw+7cQH4RcBRI+vDRZDKZCjns
P+PxuILBoGpqathpBQAAAABKXDweV1tbm8LhcKpTw94hxefzye12M0y0wAg4CsgOOdK7OexwIxaL
pbo7qqqqVF1dnZrfAQAAAAAoDYlEQufOnVN7e3uqS8MONuzlKOldG4QbhUPAUQR2yGEHHXbIYX/Z
wUd1dbXGjRsnn89X7JIBAAAA4IIWi8XU2dmpc+fOpYIMO9Swv+xggyUpxUHAUSTp3RzpQ0gTiUSv
7+2lK1VVVSovLy922QAAAABwQYlEImpvb08tRbGDDY/H0+v79GCDcKM4CDiKrO+yFbujIz3osJez
mKapCRMmqKKigu1lAQAAACBPotGoQqGQzp49K5fLlVp20jfYsOdsEGyUBgKOEpC+nWx6R0f6lx1y
2CGI2+3WuHHjFAwG5ff7+YcEAAAAACNkWZai0ajC4bA6OztT91xutzsVbtjBhv1ld2yw/WvpIOAo
IZmCjvSuDvt7u5vDfpxMJlVZWany8nIFAoFUkggAAAAA6M++x+rp6VEkElFXV1cq0LA7Muxgw+7c
SH+NYKM0EXCUoPSgo+/yFbuLo2/AYQci9la0Ho9HgUBAfr+/3/7LtE8BAAAAGKv6zju076NisZii
0ah6enqUSCRSW7ja90h9A4707o30ZSgEG6WLgKOE2f9p7H+c6WFHesCR/lx60GH/mf5lmmbGawAA
AACA0/UNHdJ/uWt/pQcV6eFGesiR/lz6MZmugdJBwOEA6UFH37AiPZXMFnCkBx2S+oUcAAAAADDW
pHda9A02sgUcfTve0zvfCTZKHwGHw2QLOzIFGtk6OfqeCwAAAADGivQgIlvnRqY/CTWcj4DDwfqG
FQOFH31fz3QOAAAAAHCyvuGG/We2r/TXM50DzkLAMYZkCy6G8j0AAAAAjAXZwoqhfA9nI+AY4/jP
CwAAAADnEWaMbZ5iF4D84h8wAAAAAOBC4Cp2AQAAAAAAAKNFwAEAAAAAAByPgAMAAAAAADgeAQcA
AAAAAHA8Ag4AAAAAAOB4BBwAAAAAAMDxCDgAAAAAAIDjEXAAAAAAAADHI+AAAAAAAACOR8ABAAAA
AAAcj4ADAAAAAAA4HgEHAAAAAABwPAIOAAAAAADgeAQcAAAAAADA8Qg4AAAAAACA4xFwAAAAAAAA
xyPgAAAAAAAAjkfAAQAAAAAAHI+AAwAAAAAAOB4BBwAAAAAAcDwCDgAAAAAA4HgEHAAAAAAAwPEI
OAAAAAAAgOMRcAAAAAAAAMcj4AAAAAAAAI5HwAEAAAAAAByPgAMAAAAAADgeAQcAAAAAAHA8Ag4A
AAAAAOB4BBwAAAAAAMDxCDgAAAAAAIDjEXAAAAAAAADHI+AAAAAAAACOR8ABAAAAAAAcj4ADAAAA
AAA4HgEHAAAAAABwPAIOAAAAAADgeAQcAAAAAADA8Qg4AAAAAACA4xFwAAAAAAAAxyPgAAAAAAAA
jkfAAQAAAAAAHI+AAwAAAAAAOB4BBwAAAAAAcDwCDgAAAAAA4HgEHAAAAAAAwPEIOAAAAAAAgOMR
cAAAAAAAAMcj4AAAAAAAAI5HwAEAAAAAAByPgAMAAAAAADgeAQcAAAAAAPh/7J13vBTV2cd/Z8qW
2xu9CwIawIo9UaNR7FGj0Rh74qtvisEkxiiJGo2maDTlVWONNWKJRo0YG6AgCIoUUdqllwtc4PYt
M3PO+8fu7N0y22e23Pt8/UzCnXp2d37zzPzmOc8pe8jgIAiCIAiCIAiCIAii7CGDgyAIgiAIgiAI
giCIsocMDoIgCIIgCIIgCIIgyh4yOAiCIAiCIAiCIAiCKHvI4CAIgiAIgiAIgiAIouwhg4MgCIIg
CIIgCIIgiLKHDA6CIAiCIAiCIAiCIMoeMjgIgiAIgiAIgiAIgih7yOAgCIIgCIIgCIIgCKLsIYOD
IAiCIAiCIAiCIIiyhwwOgiAIgiAIgiAIgiDKHjI4CIIgCIIgCIIgCIIoe8jgIAiCIAiCIAiCIAii
7CGDgyAIgiAIgiAIgiCIsocMDoIgCIIgCIIgCIIgyh4yOAiCIAiCIAiCIAiCKHvI4CAIgiAIgiAI
giAIouwhg4MgCIIgCIIgCIIgiLKHDA6CIAiCIAiCIAiCIMoeMjgIgiAIgiAIgiAIgih7lGI3gCg8
Qoi0/84UxljafxNEuUEaIYjUkEYIIjWkEYJIDWmEcAoyOPo45kXC6v/jp+jl8fuwukCY8xhjCVP8
8uj/J4hSgjRCEKkhjRBEakgjBJEa0ghRSJjIxSYjSpr4CwXnPPHisexDYMV8SM3LIW1ZC6l9JxDw
gwkDMAyAG5CEACDAGBA6Sxg4Y4AkA7IMwWTA7QGvHww+bBz42CnA5GOBg76acIGRJMnyokMQxSAj
jYSRJCkyAbGBMXqeuQ3nPOY45jxzMiGNEKVMJhr58LOdmL+iBcvX7cPare3YuS8If0CHwQGDcxiG
gAALxQ+JATwUTxgEZJlBliTIEuBxKxjc4MG4YdWYMq4ex04ejK8eMog0QpQ0FEcIIjWyg9oaAAAg
AElEQVSZaOTzbRyrthnYvAfY3i7Q3iNBMwS4CMUOLgABBoBFaUSAQUBiAGOABAFVZqitFBhaC4xs
BCYOkzFpWKIeSCP9AzI4+gjRAdC8iPA1yyGWzwVbswTYtApy6zZIXfsg60HAST0LwFBc4FX14AOG
Q4ycADH+UEgHnwg2blLk4mIV6AnCKSw1Ev63eQ7KsgxJkiDLsuPtMQwjpg1CiBhtkEaIQmOlkeVr
9mDu0h1YsroVqza1YdtuH/Z1aQjqInRn6Vxj4FIY6qtUDB9QgQmjanHohCaceOgQTBrXSBohigLF
EYJIjZVG1u/UsXI7x/pdHNv3cuztYegOMBhCgh0PJMmeZIUQkBlHpVugoVJgWL2EsQMlTB4pY/QA
mTTShyGDo4yJTuMyLySGYYDvbQVefRDSwjegblkN2QgUuaWAIbuhjZgAfszZwNn/A6mhCbIsxwRh
gC4uhL0k1Uj4DZgkSVBVtSA3oukwDAOapsW0jTRCOE0yjbTu7cGD//oSbyzYitVbOhHQi9xQAG4F
mDCiGmcfNxz/c84BaGqoII0QjkNxhCBSk0wjbT0cby0NYskmYEe7BAOJGrHrKTTdfszFEjMwtJZj
6miGaQerqKsgjfRFyOAoQ+LTvTjnMPw+sGd/D/ntp6Hu2eboi7V8EQLQmobDOPVSiItvhOzxRlI3
KWWMsANLjRgGGGOQZRmqqpb0OSaEgKZpMAwj9AYi/EaQNELYhZVGfH4Nv39mGZ6etQ7b9gSdzdDI
FyEwvMmDS08dixsvnQKvRyWNELZCcYQgUmOlEX/AwCtLdHzwJcc+v5LROWbHk2gm+4hfRQiB+goD
J4xnOG+qAo+bNNJXIIOjjLAKtGLW05Bf+SvUjSshsfL7Kblg0EZPAj//x8Cpl1gGYILIFEuNhG/s
VFWNpCGWE5zzmDdypBEiH6w08vSsNfjri6uwclNHuK9zecEgMGl0DX78rQNxyWnjSCNEXlAcIYjU
WGlkzpc6Zi0zsLVNBmO9mRoiwVaw2p8dbcpgnZTbGxhRz3HGFBknfkUhjZQ5ZHCUAdEXEsMwwL9Y
BPb4bVA/nwfZCBa7ebZhyC5ok46DuOo2SAceEbm40IWFSEeCRjgHY6xk0obtwkw/NvtZk0aITInX
yKLPd+O2xz7BvBWtCBrFbp19uGTguMlNuO3qw3HEpAGkESJjKI6QRojUxGtkzQ4DMxdoWLPTuvsJ
UDiDI5P9ZHIYIULdWCYOFrjkGBXjh8ikkTKEDI4SJt4h1YNB4M/Xw/PO05C4VuzmOQaXVPhPuQz4
8f1QXC5yUImkJGhEDxUK8Hg8ZfmWLVM45/D7/QAARVFII0RS4jUSDGq4/t6P8PQ7m6Dx9NuXK6oE
XHbKaNx/w9FwuRK7rxCECcURiiNEahLiiKbj8TlBzFsnwxDpzb9yyeKI34cEA18bz3HN111wqaSR
coIMjhIl2iE1NA3iwZvgeuNhKLzvZGykw5DdCJ59LXDNbyGH36BEFwAi+jcxGgmnELtcLiiKUuym
FQzDMBAMhq4JsiyTRogYojWiaTpuemAxHn5tDYJG/zk/3Apw7dn747fXTYWqKqQRIgaKIxRHiNTE
xBHdwNPzgnj/SwYOJbw8g32UqcFhIjOOUw4UuOxrKlSFNFIOkMFRYsT0adN18P+7sd8ZG/GYRge7
9m7IcW8ZiP5HfL9Pznm/uyGNx7xBNYvfkUb6N7Fvow3c+LeP+52xEY9pdNz9gyOhKKSR/g7FkUQo
jhDRxMQRw8CTHwRijI3YdTPYXxproZQNDhPT6LjiBBcU0khJQwZHiRDfr037ZDZcf7gKrn07it20
kiFYNxTaTY9DOewE6g/XD0nQiKbB5XLB5XIVu2klQzAYhKZpUBSFNNIPidfI7EVbcdXv5mHHvr7b
pTFbhja48PhNx+GEqcNII/0QiiPpoTjSv4nXyLKNQTw020BHILlGyimLI9M6HKmo9QTxw2+oOHiU
ShopUcjgKAGiLyR66y5Ivz4fntWLUIbF7J1HAP4JR4L/5iUoTQMpTayfEKMRXYckSfB4PMVuVsni
9/vBOU+4QSX6LtEa2dXahfNveQ+LVrWV9lCvxUIIHDmxAS/99kQMbKoijfQTKI5kB8WR/ke0RvZ2
6bjnDQ0b9toz1GtfMjhC6wiMG6DhF2e50VBFGik1yOAoMtHdUYw/T4fnzUcgiT5U0t4hOJMROPNa
sB/dE1Mci+h7RKcRG4bR5wu/2QXnHIFAAIwx0kgfJ7o7yvT75uORN5phCLrJSofMBK49Zxzu+fHR
pJE+DsWR3KA40n+I7o7y2Bw/Zn8pAyzz37pcuqnYZXCYMHCccqCBq0/0kEZKCDI4ioSZAmYYBnS/
H2z6yZS1kS0C8E88CuJPb0PxeCDLMqWI9SFiNKLrYIzR27Yc8Pv9EEJE3sKRRvoO0Rrx+4M4+cdv
YtGqdooj2SCAow6ow9t/Pg0ej4s00segOGIPFEf6LtEaCQR13PZyEBv2qVmHkXIxOELtyH8f8evv
3xTEby7wwO0ijZQCZHAUgZg0yVXLoP7sZKj+jmI3q2zRPDXQ7nkXysSDKEWsjxCfSqyqKlRVLXaz
yhZN0yz7VBPlS0wf6VW7cfJP3kKHn8J5rtR4GN69fxoOmjiANNJHoDhiLxRH+h7RGlm/U8Mdr+oI
8Nw1UgrdVIphcJh4ZA23nati3BAa+bHYkMFRYKLfJBgv/hXeR26CBF7sZpU9HBL8P3kA8hlXRIY5
o4tKeRKjEcOA1+uldD8b4JzD7/dH9EEaKV+iNfLXF1bgpoeWglPaRt5IEHjghiNwxVkTSSNlDsUR
Z6A40neI1sjrnwUx82Mpqy4p1vtMs7yPGxyhjTmuOUHgG5PdpJEiQgZHATEvJpqmATeeCe/S9ymV
2E4E4DvmXLDbn4tJoyTKhxiNAPB6vUVuUd/D5/NF+lOTRsqPaI2c+dO38P5neyiO2IkQOPerQ/Hc
b04ijZQpFEech+JIeROtkbte82PVTneB6l+UR6HR/E0WgakjNdx4tpc0UiTI4CgQkeJWug527dFw
b1hW7Cb1WQJjDoJ4aAHkqDRKovSJLgDHGIPb7S52k/osgUAAQojI2wXSSHnQm25v4Ojvv4Zl66lr
o1MctF8NFjxyNhSFNFJOUBwpHBRHypNIHDEM3PxCAFvbQl1SClf/ovh1OJw2OMx9jKjXce8lbiik
kYJDBkcBMC8mwbZ9UL9/KFx7txW7SX2eYMMwaI8sgauuni4qZUBEI8EgVFWFy5V8vHXCHoLBIDRN
g8vlIo2UAaZG9rV14dCrXse2PcFiN6nPM6zRhSWPn4X6uirSSBlAcaTwUBwpL0yNtHcF8csXdLQF
YuttFKZ7SP8xOACgzqPhvktU1FaRRgoJGRwOEwm4mzfAdd1UKiZaQDRPDYIPLoZr5Bi6qJQw0Tel
LpeLisAVEE3TIt87aaR0MTWyYfNeTP3+G1RMtIDUeBgWP3ImxoxsII2UMBRHigfFkfLA1Mj2vUHc
8pKOgJGoETI4nGmDR9Lwh4tVDG8ijRQK+oYdhHMOXdehLf8Ynu9NIXOjwKj+Dni+NwXa8o9hGAY4
p2KupUZEI5oGj8dDN6UFRlVVeDweaJpGGilRTI18vHwHplz5OpkbBabDLzDlytfx8fIdpJESheJI
caE4UvqYGlm1LYAbZxqW5gbhHH6uYvpzBr7YEiCNFAjK4HCIyNuE5lXwXDcVshEodpP6LbrsRuDB
xXCNnUjOaQkR/cbN4/FAluViN6nfous6AoEAvYErMUyNrGreg6nXvIGAXuwW9V/cCrD44TMxcWwj
aaSEoDhSOlAcKU1MjWzaHcQtLxngUJKuSxkczrZBYgb++G0ZYwaRRpyGDA4HMC8m2o6tUK+aBDXY
U+wm9Xs0VwWCzzXDVU83p6VARCOaBlVV6Y1bCUBpxqWFqZGtO9ox6bJX0UMlN4pOhQo0v3g+Guup
JkcpQHGk9KA4UlqYGtm5T8PPn9ehpzA3ADI4CtEGhWn4+xUq6mtII05C36rNmEMvBXu6oX7/EDI3
SgQ12APlqoMQ7OmGYRggX694RDQSLgRHN6WlgaqqUBQFwWCQNFJkTI109/hxyJWvkblRIvRowEGX
/RvdPX7SSJGhOFKaUBwpHUyN9PiC+OWLWlpzgygMulBx/bNB9PhII05CGRw2EhlXOhCA9N0D4N6z
pdhNIuIIDBgF/tRKqG43jUtdBKLHXpckiYbwK0ECgQA451BVlTRSBEyNBAJBHHDxy9jSSt0bS41R
AzxY+dx5cLtdpJEiYFcc0TQNbW1t8Pl86Okp/5dRyW7nszk/PR4PPB4P6urq4PF4cm4LxZHiEokj
QQ0/eSaANn/6EYVomNjCtqGhIogHrvDA7SKNOAEZHDYhhADnHJqmgV11CNxbVxW7SUQSfKMmgz2y
CKqqQpIkuqgUiBiNMFYe5obQARb11sO3Cdi3FLx1HtDRDPi2QehdAAQgecHcQ8FqxwKNRwMNh4BV
je/dluuAVB5vUHw+HxhjpJECE62RQy57Bau2dhe7SUQSJo+uxKLHzyWNFBi74siOHTuwdetWBIN9
Oz0q11t8WZYxZMgQjB49OudjUxwpDtEa+dlzfuzsymy45MIYC7ErfOcoCdOmyHDZfGsU1IF3Vgo8
+aF14apSMDgAYFhtEPdf6iWNOAAZHDZhGAZ0XYfx8AxUvHhPsZtDpKHnvOmQr7s7clEhnCeiEcNA
RUVFsZtjjRAAAyAMQG8DtjwNo/kxyMamUEQMALoOAAxMAEJwwIi6hIrwxAQUCEAN7c/AIMgHXA2M
vQZwNUYZHaUbzHp6eiDLMmmkgJgamfHgItzzwupiN4dIw/Rv7Y+7f3AUaaSA2BFHNm/ejC1b+keG
bb63+I2NjTjggANy3p7iSOExNfLs/ABmfZ6Zc2DXk2A2BscNp8o4fEz+52gyGGNYuhn43RuGRTtS
U8gskjMn67jyBA9pxGbI4LABs4hPYPEcVN50Klha6RDFRoCh+3f/hXvqCVTkpwBENBIIoLKysvRc
asEBoxvYtxBi418hdn8AxjkMXQITImR4AAAHANFrZAjRG6XMf5uX1JjlErgAFMYhJIANPBJs4k+A
wScCai3ASu/8E0Kgu7sb7nB3LtKIs5gambN4E0792WyIEja/iBAMAv+950ScMHUUaaQA2BFHfD4f
lixZknMbFEVBY2MjOjs7S75bi9nWvXv35pWpMmbMGAwbNiynbSmOFBZTI8s2+nD3mxIYJKSSiZ1P
gNl0T7n0GBnTptjcACsYw+wvgYdnx5ocpWRwQHD8+myBQ/bzkkZshAyOPDH7ufk72uG+YCRUrbQD
HtFL0FWB4PMb4amrp/5vDhLRiN8Pt9tdQsXgwuZD5zKIDfdAbJ8FcAOCA+AiZHpEmxdA7gaHCL+l
iFxtGRgAJjGwESeDTboRGPDVcEJH6ZyHwWAwZvhF0ogzmBpp7+jCyPNeRE+QvudyoUIFNr78LdTX
VZFGHMSuOLJw4UIYRuIb3WTHjGbcuHHweDyR+YqiYMWKFeCc59QWJ/nKV74S8zdjDCtWrEiYlynH
Hntszuc2xZHCYGqko8uP/32KQxex2RvRX7sTT36ZGhxTxzBMP1UqWHFNxhj+9q6BeWui25GaQtcB
UZmGR69UUFtDGrELsonywOznpus65OtPJHOjzHAFeyDfeDp0XQfnnCoZO0CMRsJpqsUm8jvveQ9Y
OBnGvBPBt7wBYRgQBg8ZG05nYQkOwTm4ZkBv/i/0f58MvDISYuMLzh43S8yh/kgjzhGtkRN/OIvM
jTKjRwNO/+nbpBEHsTOO6LoOIURGUzTV1dVwu90x83Vdx9ixY0vuNx8xYkTCPCEEhg4dmjAv00nT
tJzbQ3HEeaI1cvsrWoK5EVqndyoGAgKjmxhumCYX9BwQQuCHJ8sYP9hsR+mhCRW3vRokjdgIGRx5
YLql+sMz4N20Iv0GRMnhXfsJ9OfuoaGaHCKiEV2H1+stdnMAwcG6V4N/OBrGom/D2Lul19Aoyu8v
Ql3aBIfRuh38v5dCPFcHGKVjlnq93kifd9KI/ZgamfHgIqzYSEVFy5FP1rTjnmeWkkYcwq44kmnm
hhUDBw60nO9yudDa2mp7Fkc25kP8VFNTY7nPhoaGGKMilaETT3d3ftcmiiPOYmrkmfl+bOsozQLu
dRUMd35LKUrGkxACt52roLG6dF8grN/jxosLfaQRmyCDI0dMtzTYsg3el+8vdnOIXGGA98nbENy+
hVxTm4loJBgsAXNDAP6tEEumgS84BqKrvbeuRikhDPDObvC1TxXvNYsFXq8XwWCQNGIzpka27WjD
/S9SUdGyhTHc9sQKbNneRhqxGTvjSD6/i8/nS7pMlmV0dXXZ9uCW7/mTrB26rqO7uzvp8lSZLHac
0xRHnMHUyK62IN5aIRepDamXKxLwp+8oYEW872LguPciGe40dVeLdWoyBsxcLKNlL2nEDsjgyIHo
IZjkW86BXIoPSkTGyMKA/KtzoWkaXVRsIkYjsgxZLk7QDbcGYv3vwRccBr77Uwi9AF1Q8kAIAfHp
HSilNpq/IWnEPqI1cs4v34NRQrVXiOwxBMO5N79HGrERp+NINlkRLS0tlvvYtm1bpDBgIBCI/PbF
nJqbmy3bumrVKsiynHE747+nfKE4Yj/RGvnjf4IAK+a9VnLuuViGWy7+s5Jb4bj34tL8jgAATMZd
rwdJIzZABkcORNIl33oG3o3UNaUv4N24Atq8N+mCYhOl0TVFAEIDX3gY+Lo/QgQ1hKuEljQMApJv
J+DbVeymxOD1eino2kgkpfjN1Vixgbqm9AVWbOjGmx9uII3YhBNxJFmXjHQP+5qmYd26dTHbtLa2
orm5GZIkRaboPvTFmrq7u7Fp06aYtm7evBnt7e0Rk8FMg8/E2LDzXKY4Yi+mRmavDGBbu6dIbUi9
/IZpDE1VpXPv1VQlMONsZ02OfE7trW1uLFwbII3kCY2ikiXmxSQQCMB11gCoevK0RaK8CHprof1r
W2Q4M6pinBsxGnG5ilNYVHCIzmVgK06G3iV6h262GuUk8m+LZU6NohK9bng5g4j4LwIS5EN/ADb1
3sQ3MkIg5bhvDhIMht4skEbyI1ojA07/J3y51+8jSoxaL8O21y4ijeSJE3FE13V89NFHOW/POUdb
W1vEHFBVFS6XC5IkQVGUmN86n9/ejttywzDQ3t4eMSjM79D8HoUQEVMmEyZNmoSmpqa82wVQHLGL
aI1c9agOA4W/10p3ql52rIRTJmewYqFhDLO/EPj7nETjxY6mZrKPVKu4JQ1P/Y9KGskDyuDIEvOC
Iu65jsyNPobL1w7ccx25pnkS0Uj4BrAIDYDY+gDE4pNh9AgwCYDEQpPMQp1BoyeZldyVkAkOsfwB
S3PD/9KHEEUaltDlcgEAaSRPTI1c9/sPydzoY7T7BK77/TzSSJ44EUesfo902RCc88gEALW1tfB6
vXC5XFCUUGd+SZIS1tU0DYZhxMwr5MQYQ21tLdxuN9xuNxRFgSzLkeXm95ss28RJKI7Yg/kb/v09
f1HMjXScMBGlaW4AgBA48UCGaZOK07Z0Rw1wFX97m7I48qHEbutLGzOABZtXoeLdZ4rdHMIBvO89
g8C6lXRRyZGIRoJBVFRUFKEBHGLNdPA1t4UGR0kFQ9j0kABVBjzhyS0BCkNxSyIISNyA4MHY2VyA
LVoL/63PAEZxTA6v1xvTh5vIDlMjq5r34Jl3Nhe7OYQDPPPOJqxcs4s0kiNOxREr0yL6gd/K3Ih/
6GeMoaKiIvJmNT5zI5pcRkOw83wx26qqKhRFsfxs8V1qUn03dkJxJD/M32rT7iDmr3cVqQ3Jl40d
KHDNiXJpmhsmQuCq41UcMDi6W1YR2xPH3LUK1reQRnIlTS1ZIhozGEiP3gKJ0cnWF5EgID36K+h3
vQRJkigtLEsiGski9dXW4y89B3zPQqR3N5LAWGhyAXCFg7PGAX/hi2MZXIa8/p/A2EsRSkMBBAPE
iEb0/HM2xJbdqPjHTwverui+5qSR7DE1cssjn0AwesfQFxFMwq8eW4KX7j6FNJIDTsaRvV0SgoYU
+wo1/ufJ6PZODRkYGaysyJnfaufyIJN+CxU8zmyJ3ibmexaI+UwMDIpsv5lOcSQ/TI08v0AHY4Uf
FjbVadpUDdx6rgrOi19UNB2cc8z4poobntOxs6PYrYmFMRnPzAtgxnkqaSQHyODIENMtDXR3oeqT
WcVuDuEgnsWz0NXdBUWpA2OMLioZEtFIIICqqqoCH5zDWHo2ROvHYLAxqDIWMjpcMsAF0K0VrE6p
EBx8xYOQxl3e2xxJAhtcDwige9Vm8IvvRtWzvwAKbCZ5PB50dXVF3l6SRjLD1EhXtw+zPm4BJVH2
XWZ93IKubh/qSCNZ4VQc+WxNN+6buRW72xqg6aX8gipJ20RyIyPp/FQfM/lhElBkhn8u3I3rL3Th
+INrU+w0OyiO5Iapke6eAJZtVWC3T37kWIYzDpIwblDuv4dhlL65YSIzjr9emvvjcPNOjlnLBT5Y
I0Jl1Wys4fHZFgXdPQHSSA6QwZEhZl836a/TIZfBSAxE7siMQ/rrdBi/fJRc0yyIaESSCjwsrIBY
Mx1iz0IwJ7UpMaDa1Wt0aM7eJDPBIfWsSywqWlcNiQHgAv71LVBueRKe314Ral+BMIdFNH9v0khm
mBqZfv9CcDI3+jQcEqbfvxCPzvg6aSQLnIgjf35hO16e24qgw9fsvEnRvGSZIqkepnIxPpIt29cp
8PO/rcdxU+pw74/G2FLnmuJIbpga+ceHGphkXxeu4fXAjHNUVHtCXZPKyKPIG7PGTi6MGQD84GQJ
lx3H8JtXg9jYamNsl2Q8MseH6WeQRrKF7rAywHRL/V2d8M6ZWezmEAXAM3smtGCwIAW3+gIRjfj9
hR0WVnCIzX8D3/osWK7dUrLFNDpq1VCBUifxdSakT0sVbjARunQzCPjmLEPg729C8MKepx6PB5qm
kUYyxNRIZ1cPZs7eWuzmEAVg5uwtCAZJI5niRBz5x5s78fx7u0vf3EhBJt1gErexH4MDc5e24cYH
Nti2T4oj2dGbBejHxxvsq70xqonhrgsVVLr0vB72+ytCCFS5Of5wkQtjB9p7Hs9fpyBIGskaMjgy
wHRL2d9vhsKp5H1/QBUa+KO/hq7rdEHJgIhGGItUli/AUYHOz8HX3V6cUUVkCah1AdWqM3eTAIyg
DtGxOva1mirHeB6cc/ieehfaolVAAb8HVVXBOSeNZIipkZsfXAyN01uY/oDGJfz6kU9IIxlidxxp
2RvE4//ZVVKFA/sCsz9tw7zl9hQsoDiSHaZGnp2vw7AxCf8XZ8hgoh+lbDiF4Lj5LAUQevJVstwl
Zyqe+iBIGskSMjgyQAgBXdPgfY9GTulPeN54hC4oGWIWvCpo9gbXgM9PBAxexAFPwjU6mjyhbA67
TxVJAvYuj5lldQiDGxA3PAahF9bo8Xg8pJEMEUJA03Q88/amYjeFKCCPvLaONJIhdseR1+btQVAr
k7fROZwedp9Sme5PAHj+3V22HZfiSOYIIaDpOuatV8J/538enHOohGo3mRt2Ue0RuOAwA4InNzmy
5d0vGGkkS8jgSIPpluqffQA16Ct2c4gC4gp2Q/90Tk5DvfUnIhrRdahqgcZiFxx88VHQuwpzuIyo
94SyOWxECAG0xQ0lqumW98KdXEPP2bcWdPhYl8sFXddJI2kwNfLBp1vh0yh7oz/RHQDmLN5GGkmD
E3Fk7mfttuzHcXKovZHj7nIkcY+Lv+y0be8URzLD1MjyjUHoXI1blrvZcfTY4sSkZEMz5zNZ7bMY
HDfRBR5oy8nksGpygLuwdINGGskCMjjSEBmu7Kk7E4cSI/o2DJCe/i25pmmIHtKvQEeE2HgPeOdm
sFIbrtmrAA0e+/ZncIiutTFFRkVnDwRLNDGYEPC3dcH351cLOpi7OdQfaSQ5pkbufHIZxZH+BgN+
+9RS0kganIgjm1oCtu2r1Mj1VLLrFNQN2JodQ3EkPaZGXvlET1nkNdrsSPd1CgEMbyjMd25lPGQy
L9Mpm2M4zZB6GYAAD+yLMTlyPTpjwAsfUzeVbCCDIwWmGAxdh2f1omI3hygC3jWLYYQvKHRRSSSi
EcOAx2Pjg30qfFshtvwJrFR/D0UCBnjteZBlgOju7L1LEQJib1fymxYhoL88H8aGFhsOnhlerzfy
VoE0koj5vei6gUWr2ordHKIILF7dBl0njSTDqTgybIB9RRgdw+bsjULiUu17hKA4kppIHDEMrN+T
3Xkdb3hETy65eN93vAERnYURnZUBIGZEJVmWwRhLyNyIz+KIPkYxMI8cb3LkSnOrCzppJGPI4EiD
ruvQX/gLVFD/tP6IIkK/v67b15eur6HreuG6pwgOvvIK8IAOxyp72gFjwKCK0IgreQQiBkDme3rN
EiGA7XvBU+wzaOjw/fIJiAJ1VVEUJXIOENbouo6/zFwOg0Juv0QXEv4yczlpJAVOxJHJY+0bQrOv
k22Y2m+o29bjUxxJj67reP3TACDZp5GgUZiUQqtsivjuJabB5XK54PV6UVNTg5qaGlRVVcHr9aKq
qiry78rKyshyr9cLl8sVMUlTdVuJbktBPnf4/+0wOYSk4tXFPtJIhtDdVgrMdDDXrMeK3RSiiKhv
P0VpYUmIaMRVgDdlQkB0rwI6l4GhDArHCQADKwBVytOLibsB2bw79VjoQkDfvAv6Z80F66qiqipp
JAmmRh57Y12xm0IUkaf+20waSYJTcWT04AIWvS4RUp1duZ161hsdMNr+75biSHJMjcz+snwf25Jl
bHDOIUlSxLRwu91ZGZ2qqsLtdkfMEEmSLA2O6DYUEvOIhn8fkMbkSNe82V9SsdFMKV+lOIzpBGq7
WuDdtbHYzSGKiGfHOgS7OiMXSiJERCOaVpjRUxiDWHYahF5mv8GACkC16S0JYzb2OZEAACAASURB
VAis3YZ0jokhOII/ewQpO+raiMfjQTAYJI3EYWqkZVcnNu7qu/UAiPSs2+ZDZ1cPaSQOJ+PIkMYS
76KSY/eUUjh9hjTam8EBUBxJhqmR3e0a9vpK/JyOI77+hVlIWNM0aJoGznkkM8OO7C1FUSL745wj
GAxC07SYIraFqscR3Y1ahGZAz8DkSMXOLje6ekgjmUAGRwo45+DzX4NEReH6NQoTwLvPwzCom1I8
0e67swiIPe9B+HpQ0l1TkjGwIqeaHAIAl6ojH1kEdMjtPUi7MwH4A0EE/vsJBHf++1KU0JB1pJFE
OOd47cONAKNw258RTMbzb68njVjgVBwZa3M3ClspoTCWy3PSyEH219yiOJIczjk+bQ4CEiv52iyZ
IIRAbW0t6urqIr+7nSiKgrq6OtTV1UXqeBSD+FpxDIDuz727CpNkzP3SII1kAN1xJcFMB5PnvFDs
pgCSHJrsKr/PJEBWcpvybUeqfWf/QZLvy+aHCWn2TEoLiyOikajiT07CNkwHRL4XdZYwCRE7Wa1j
B2xoVU53kkL1RG5nRLcv1D0lk/1wDum+1wqVxEFV8C0wNfLC7E3FbgpRAsx8fyNpJA4n48hwBx7C
bSHdyBY5Zm8UqnsKABy8vzNZmxRHEjE1Mr+590FdhP8rVeIzJcz6Krqug3OOuro6qKqaurttnjDG
oKoqGhoaIlliZhsKk8khAIhYk4MJMADcwuTItBnz1uikkQyw3zbrI3DOQ31CN64sXiNqBwA//ztw
+Mmhvz+bA9x7HdC6Lb/9XjYDuPr27LczdKCrDdi+AVgxH3jvn0DzCiDoy2x7dwXwTrf1sj07gHOH
Zteei38OXPu7xDR8zoHffAd4f2Z2+0uBa+NKaOHiRYUbDrW0iWikEPU3OpaCt+/IYUPToBCh0U2E
gKR4AU8d4K4HMyphCA/A5EhwkSUfoAYBrR0I7IHR1QbIMmBwQIT3leuNxZAKYEeGegHAwMCqhoZu
AriAvnQ9/Ebmzn9nWweqFq+Ba+p4x7uruFyuSMopaSSEqZGVG9pB7xOIlRvaI0XwSCMhnIwjisww
uEFBy94SKspXBHMj5fFyDWUOdFEBKI5YYWpk2z4l4X1L9PnCSmAM8vhaF/F1N2RZRm1tbdr9+DWB
1k6B+at1fNzMsWF3yNwxP+3oRglHjpNw3AQFA2oYPCm6ATPG0NjYiPb29kg2RzJzwE7DRQgR3p8A
E4AAA5gITYKB+/dB8tSDSdk9im9uUyiOZAAZHBaYxW+09jbUBDptS5zICm8V8OQKoGFQ77xjzwJG
HQBcMRkI+gvfJlkBaptC0wFTgQt/AuzbBTxyC/DmEwAvYMrU8PHAVbdZP7TN+zcw5yVbD+cJdKJ7
3x54PJ6oi1b/JaIRTUNNTY3TR4PY8idwzjOUIoMAg+wCuMYgDzoWvOprkGoPAyrHA64BEObDJpMg
A/DpBta1daF5Xxc2dPSgtUtGu2bglOG1OPtQCfA1Q3SuBDrnQuz6AGCd4IHweSAyT39kigxRowLt
AWR0YZEloHp06C6UAb5n34NgoWCZCVxw8CffA6aOz7iNueLxeNDd3U0aCWNqpK29G50Z/txE36Yz
wLBnXxdpJEwh4sh+wzxo2dvlyL7LBbtf9A5tUh17sKI4EoupkY5uDUF4UoaRUjM7gN7uRoZhZGRu
tLRxvPGZjlnLdKTqXbtxD8fGPRwzP9bBGHDqZAVnH6pgaH3y87K2thZtbW3QdT1yXjnRPSYa8xwW
4Xs4iPxNjqDhxr6OAGkkDWRwJIFzDrz1ZMHSuxP40X1A/cDE+cPHAcecBcx5sfBtsqJ+IPDzh4ET
LgBuORcI9Dh/TEkGbp8JuC1SJPfuBO77ge1mC2MA/vs0+GU32rrfcsZ0wh2/uOpd4Dv/m0G4liGp
HGCVwKgfgQ26ALJ7KCApkMKZHFwISIwhaHC8vqEF/167A3uFhH3tnZFAYRaiGjNiGM4YPSD047ua
wGqPBMTlYBMBBHeB7Z0Nsf4uML4DPCCFjY70d5Ks1g3RowNaZsYIazg4/A8G95fbkU2NVcYA/2dr
4WrrhlRflfmGOWCeB8Xs71pqcM7x5Kx1VH+DCMEYnn5rHW68vKHYLSkZnI4jgxtKqChjiWVvpCb5
XocPcO47pTiSCOccs1dpYCzzbkHZdV+xR3vR2Rrm7xedMVFXV5d0W00XeOIDDbOWJc+2SvaJhADe
Wq7jreU6Tpms4Krj1aQZHXV1ddi9e3dC+yRJihgRtl2LwiZG6HuJ2qdpcoQxTQ6wzB7JmSRh9ioN
FzWRRlJBd10WmJV+1UWzitOAihrghG8lTym/4Poca1Y4BGPAEacA1/2hMMe75CZg3EGJ8zkH/nhN
qLuLA6iLZkUefvs7EY3YUPU6zYHA980PDwtr9b0zCEiQK1yQBp0O9rVtYMdvBht1A+AdDUguABK4
CGVpPLRiE7768gKc+K8FuG/xGqzb14k9be3ggkMIDoMbEBAY2liHJo8COV6DTA5N7iFggy+CdOzn
YMfthDTmx5BrvBDIrEYNG1SR0cdngoM1HBD6HvZ2wZ9tDRIR+q20eZ9nt12OqKpKGgljamTWQmeu
R0R5MmvhDtJImELEkREDi2dwqDIwdXz4s+VhbqRDkgSmTnDFTANqQ7f3KY2RHA4pBNBU5+x3SnGk
F1MjSzeXx1v6+C4p5tTQkNzUbd7FccXffTmZG/G8vVzHlX/3YdX25PdKTU1N8Pl8zg8hKxBlZIiw
4MyK8YkmhxCZd6X7dCMjjaShhJ6SSwezII66dXVxGnDcOUBVcqcTBx4V6iayt6VwbcqE0y4H7v+h
s8cYOwW47JZE80cI4N1/AvNfd+zQ6tbV0KiwD4AojThtcEAAWx+wqC3KAJlB8jZBjJgODPseGJMQ
MRdYqGCdIQTmb9+Hvy1fjx09OoQWiKQ9mv0hWfgwCBfvrK+uQlNNNc4b1QRDiESTI9IEs5uLArbf
DGC/GZD3vAW28XYYHesAI0WtDokB1SrQEUz56aXKCggllNLZfe+LMHK4CeaCQ395PtxnHAmnh4RS
VRWappFG0KuR1VvsSY+vcMu48KT9LJdt2N6JuUtLLB6EGTOkGscfMhgAsOiL3fhiY1vG2/7tp8fg
0mn7o8un4co75+LtRXnWnyoBVm/pogJxYQoRR4440NnMNStOOMiNUw9zY/RgGbIEXHjHvpTrpzM3
0mVvXH1qFU6bGlsT46E3uvDOktTxJfVekzNxpLPFWymO9GJqZEd7+TyumaYMAOi6jrq6uqRdmmYt
0/Hw+7mep9b4gsBNzwdw5fEqzjks8drCGENTUxNaWlpQXV0NoDeDw3ZESN+RLkNmV5XIvWo4y4OF
TA7ZUw+WQSbH9jaF4kgaykcxBYRzDsMwUNHTUZwGnHJJ6uWyDBx5GjDrCfuPnUos6cTvrQoZL+2t
9rbJxOUBfvmEddeU9lbg3mvh5Nhrak8H/OHCPoUaOaRUiWikIrNMhFwRwgDaPwJgpuIxgDFIFfXA
fneADb4oIV9CCEATHM+u2oYXm1vQ5Q9AcA4ePrdZTJxhkd0CAm5VxdCGOkguFw5pqExubsQTXo81
TQMap0HaNxdYcwNE16bkxawaPBDtqQO7kGsjo6a4FjUjmNMrN0Cs2QYR0MC8zr958/v9pBH0aqTD
ZyDfZMkBdR5seuVieN3Jv1PdEGje2oGvXvc6drcVoUZTEo44cACemHF85O9Lbp2N595pTrvdSYcP
xQ/OPxAAUFOp4s17p6HulCfR5SuhgpE50OEzIgXiSCPOx5FRg50Z7SOe8cMVXDWtAsMbZbiy8Gvy
MTcAYGijhFMPty74aXf2hslXD6rOfeMMoDjSi6mRgKGUZc69LMtJDcxZy3Q8koG5kfGpGrfiE3M1
QADnHJ54fFVVIcsyAoEA3G6nhpPu7ZoSMjmA3gxfEVePI2S88EAbJFdd2pocfkOhOJKGMpSLs5h9
x4zWXVDzHpIyBxqHAJOPS7/eJb9wpl/3BaOA4yXr6SQPMP0bwK4tybe/4QH72xRp20+A8Ycmzucc
uOO7gM/ZQmKqMGDsbomktfVXIhopQBcVprdFhtgSgkFyA/L+N4EdtQJs8EWW27yyvgXnvrkUT6zY
iK4eH4TBI2ZG9KCvjIV9iSgPY+zgUN0b2dBR68olaIR2yhpOADvqU7CDnwFTWG9R02gEgMEVSaO3
gAwx8hQIw4C2eA26u3I/v3XOwbfvsb/aXBxmajFpJKSRXa3dMHj+b4VuvvzglOYGEBoxYsKoWux6
87sYN8zpwr+58+2TrbNQ4jlm8qCYv2WZodLjdMaY8xicoWVXJ2mkQHFEkSXUVzlzq+tWgdsvq8IL
M+px5xXV2G9wduZGvggAt3yn2unEvN7jhU/XkYMrHT0OxZEQpkb2dBrgKN1rn9nNg3Me0bQ51dbW
WmZGNO/iePj9oOMD3T7xgYY1OxKf5RhjGDRoENrb29Hd3R053+K7reRP/H5E1H1Y2OSIW84DbQlD
yCbslanY3UkaSQUZHBZwziGWzilO1fujzwS8GQSPkRNiR1gpBFoA+PRd4FsjQyOVWHHEqc7UBxl1
IPC9O62XLfovsPht+48ZDwPEsg+o+BVQmIuq0MG3PQVDl0J1NqqGgH1tDzDqBkCKTZEVQqClJ4CT
/r0Yf/l0LTp7zOGIGRhjETODsZDNIYXtDgbzIigwbsigcE8VhgMba5D/BYCBNU2DdEIrlAFfg5CU
hH0ytwzI1sdhgoMddGPI1X/yPYg8zjsDAsFXP0LKsuQ2EV1grD/DOcecJdsdGZ7XMARa2/xobfNj
T3sAPO53nXnn120/ZqF5etbamM/V1aOhtb10MlNyhjF8sLSFNIICxREAAxvsezisrWC4/BtevDCj
Hk//oh4HjMx93/l2TTn2Ky4Mrs/eiE/9laduU111Yd4WUxwJwTnHF1s1swdtZCoHVFW1HKVE0wV+
/WL6a3mKTr7WKyfh1y8FELSozq4oCurr69Hd3Y1g0N5uMpFmCUR+sF69x/6IvX5HVE2ONCYHY8AX
mzXSSArI4LBACAG2alHhD8wk4KzvZb7+t653ri3puOtKoNOiX2lFNXDAkfYeS1aB//sw1DUnnr07
gZu/ae/xUsBWLSK3FCjM0FRMgdj6BCSXCnn8zWDHmIUyYy9bfoPj3mWbcPFbn8EIBmHmakRnaLCo
/8w0DhaZDwyoqY6k+TEGTKxUINnybiF8oINfhnzQU5A83kiiYuRgTR7LOxa5goHVTISxYx96lqzJ
qxUCAr63PgkNO+swkSHR+jlCCCz60pnuelfcORcDTn8GA05/Bk2nPY2Bpz8Ts/zQCU04eP/yHqlj
Y0sXjv2f1zH70+14Ze5GjD7veRgFMOgKwaIvW0kjKFAcATCwPv8U9CljFDx9Yx0euaEOZxyZfw2K
fLumeFTghvMLX19kQG1hMgkojoQQQmDtzsTvoVTNDrP+hqZpSbuePfGBhp40fkJWHyvNyn4NeOg9
6wPW1dVB0zS0t7c7ZnIAsDA5zHkicb1w8VERbE9pcqxusTPTpO9BBkccZnqVsvGLwh98wHBgrMXo
IL5uoG134vyzr3G+Tcno2mdd0JOxUBFQO5n+N6DG4mbdMICfnwboDl6U4lA2fhFJZeuvRDTi8Pjh
ACApeyAd9g7YqOkJywSArV1+XDX7S/xn3bbQ0MAMoS4ijEWKjqYzOxRZRmNNdW/XFUnBqGqPzTfe
DKzpVLCjV0JumBTTvYxVKBZZHBJE9QEA59AeeytSPyTnowugqlvLax+ZoigKaSSskS82OlPHaena
PTF/7+kI4MX3N8TMGzYgeSagLDGMHVaNIw4YgANH18GlZH8rMGFkLY76ykBMGdsAb07dudKzcOUu
fP1Hb+K8X76LPR2BjLYZOagSR31lIA6f2IQqb/prlCozHDSuAd+YOgyHjm9EdYXzD3BfbOwgjRQw
jowekn/toUljXHC7kscEgwPrtmdWHyZfc0MAuPt7tRkdK7t9J19oblddWZgMDoojvRrZui/1vUi0
2VEqz7vJam+0tPGUo6UA9pobJu+tNLC5NfFccrlcESOmq6vLVpMjE62lrpMjUpocW/exfq+RVFCR
0ThM91HeU4Rq7UdOA1wWbxpWLgBaNgJnxmV3VNeHum5sKoIZAwCffwRMuyxx/gFTAXcFEOjJ/xgH
HJHcyHnhPmDtZ/kfIwvkfS39fmimiEYKUNiIHbEWkBPfUgkh8ObmVtz/aTO44OFCnOZG0b8N6/1/
8zeLXi4YhjU2xKzNuYHBjvT1Z4BSC3bI22BfXge+/XUwGAAYWLULaIt+gBPAsX+G6PKDv7XElqMb
BTpnZVkmjYQ1sq3VhmtghuyIO1aHhaFVX+3CfdcfjbOOG4mGmt5Yw7nAgs934eaHFuODFKOxDGuq
wF3XTcW5x4+OMQI0neODpS341cOfYMHnu7Jq9/gRNVjwyDlQorKLfvynj/DvDzdh0ysXAwDaOgOY
8fAnePqtdQCAmXd8HdOOGoFA0MD7n27Hd259Hxd8fT/c86MjMXxgr7GjGwIvz96Aq+/6AN3+2JtE
RWb44w+PxNVnTYj5LEGN46lZa3HvP5fj5bu+gQNG10EIAfm4x7L6XKlo2esnjRQwjpx0WA2efsuZ
bKrVW3S8uySAT9ZoYEzg8Z/VJ103k6FgMzklDhmnYuSA3u/N4KFz3a06nw0zdaKzhcVNKI70amRf
T3YaKdRXFj+8qvl7cc7h8VhnOb3xmY3mRpa8tkTDD09JfMaqra1Fa2srZFlGZ2cnGGNwuXpNUbuz
zGJGVYkUG41eITzSSrg+Bw92QHLVJBQebfORRlJBBocFnHOoge70K9oJk4Dv3Gi97Mk7AUNLNDgA
4IpfAbdf7GzbkmHVRQUAqhuAQ04AFr6Z3/6ZBNz2vPWybc3A47fmt/8ckH0d0MktDWnE8SFiYWlu
GFzgb59vxpvrW8DDVaoZRFSAMIdJMf9pGhumCdK73OWS4FJ7L4MCQKXLhRqXg5dGyQ3pwMcguX8D
Y9P/hTJP6t1RBgcDcwGs6Sh0Xv8YAoZmSzkgv9DhWr8D8n5DbNhbcmRZhq6X90gXdsA5R3egcDce
3zt7QuTfPX4di7+Mzfo7dHwj5j5wJqosMhQkieHYKYMw94Ez8djrq/G9uz9MWOe0o4bjhTtPstxe
VSScdPhQnHT42Xjg5S/ww3s/yuhGVZUZXrrr5BizZfc+P56ctRYN1W7UVIaOVVOp4vFbjsfMd9cj
qHN4XHJoWaWKb5+8H1yqhHO+OgpSXLVFRWb49sn74dAJTRj/7Rci8z0uGfMeOguHTWxKaJNLlfC9
syfg8tP3hxrObLH7/rHDR2/dgMLFkbHD7C2KuX2PgVfn+7G0WUdbV+/vWJViwJZMzI1MEAB+8e3Y
UUxe/tCHUw7zwJ3mq8w3ewMATj6sLm0b7YDiSAjOOQJ6+SXbW41M4tdEyuyNrBWS4Qbmau+uNHDV
8QIV7tg4UVVVhd27d0eMAp/PB8D6M+SFEJGaXL3Xg3TZOWHzKNAB2VMLxnrNLp8mURxJARkccZhV
dFHoC2vTUGDIGOtlKxcAnopQV5X4AqTHneN825IhJXGVJQkYNCr//f/84eTfyYzz7MkQyRZd7z1H
+inF/PyGAO5Ysh4fbQkFo97hxFmcnxFneIiw3xGVvcEhMKKpMeEYNV53dBxyBsaAsb+G7BkGvuaX
4IYAkxmghw889nwYu7rAlzTbVuvYYAL60mbHDQ6guOdIKWB+fl03ANj/hvoX3z0ILXt7r3+XnbY/
Kjy94fy+5z+HP9hbOX5oUwUWP/7NBAPAiqvPmgBFlnDFnXMj846bMghv3HNqRtv/7/kHwhcw8LO/
fZx23Ru/exAmj43tfjjmfGtTW5EZXKqEoJ54Xp17/OiUx9l/RA2O+spALFwZyi555KavWpob0ag5
dNvJFF03SCMF/PyqIsGlMMtCg5nS2WPgz69047N1Gnr82e0nU3Mjk64pv/5uNdSoS8rudo4XP+jB
KYflXxckE8bYbBalgjQS+vxciHTPwUUlOpPD7FZjZQ60doqkdc6dNjdC7QO27uUYPyQ2JrvdbjAW
6u7BGAPnHD6fLyGTwxYsby4tsjiA8PCx4cFlGcAD7TGZHEbUyDVEIuVnCzqIOTSQYRhgvMBDxJ52
RcgYiOfLRaEaE13twNK5ictVN3DYyY43z5LGFA9K7Xmmgx7+DeCMq6yXPft7oHl5fvvPEcZ7h2Xq
j2lhMRopQHG4mGMD+MWiZizYEn4zzeKGfTUn83+ilsePosLAUOO1viGskFCYmwnGgOFXg038HZgk
AY2h9jCZgU3+BYLX/B90OxM2hQRtxUb79pcE8waBNGLAcOi+47vTxuFn35kSmQbW9746fvWDTZjx
8Ccx66994cIEc+KCW94DO+ZR1H3jSWxuiR2C+PLT98dB40LGgyIzfPjQWQnbn/mz/4Id8yiGnf0c
du3zxSz76Xcmp/0MHpeMO//n8Jh5p/5kVkJXkmx59LXVeCbclSWaB39+LIBQ7ZDvThsXs6y9K4hR
5/4T3hOewM0PLc7r+JlgcJBGChxHKjz53e6+viCA+Z8HszY3MiUTc2PMYBkH7RebpnHPi53gCUNN
Zrv/zLI3FJllZHLaAcWRqDiSwe9bTGLaaiR/dpq/2qYXx3mcDgvWWbdPUZSIOWN+nkAg4HAWkUWR
0cgi6/k82AERfj4Von9rJB1kcFgghIBsFKYgX4TLf2U9/+m7wv8QwHv/TFwuScBFP3WsWSk55kzr
+YYB7NhgvSwTahqBmx63foW+8QvgEZuLmGaBbNCwTEBYIwXoOx05HoCfLVyHz7fvjknsY5GCosnM
DhZldrBIxoeAQGO1dQX6FHXkHICBDb0K0rhbIGo8ocSTQZPhf2E7fHvbbM2NZ4zD2LDDtv0lQ5Zl
0ghCGtEK7JMDoa4k044cHvn7uCmDYrI7uno01J78JF6aHbpGt3drGHXe8/jXnI0x+3nmthMBAIdN
iM108AcNVJ74BP7z0RYAwPbWHgw641nMWrAlZr0FD59t2T6XKmNQvRfrXrwwZv7cz3bg7UW51766
/bElYMc8iu//7kNc+ps5+PGfFsQsP3h8KFvrrONGxsz3BQzUn/IUNu/shj9o4O6nluGiX72fczsy
QTNAGkFh44jXneVxRNzkEJkUhhQAJCYSRk1Z1hzEuu1GZJ1Ux0i998xQlcIFR4ojIYQQ4GX2qJZM
0x83J/6eWcsri5WtVv1kvfU5layrnN/vt9/kECJOk+FvQSSsFs7+ir1ICK0DguvQOXVRSUV5qaYA
mE6YlGJoHttpHAKoFmlQQgCL3u79e+lcwOpknnQMIBe4t9GYSaHjWhHoCRVFzQkGXPcHYODwxEX+
HuC3l4dqFhQJiev93i2NaMQq48gBDCHw20/W44udewDGIEWbGiw8Qgp6zQ4pzvAwEzLMDA6JMVS4
XZbtZxCQjUL3+2Vgo6ZDHng6oLpgDJ8B7al3IWweElMIBr6vK/2KeSJJEmkk/Pl1hy5Vu/f58fw7
zZHp45W9hT3dLhmz7psWycD4+SVTYrZ97PXV6OhJNPCv/cO8mL8n7VcPr0vGgzceFzN/+v0L0RNI
/GA/j+uSctSkgZZtn3bUcLT855KYUV66ejRccutsy/UzoatHwx1PxBacXr25zXLd846P7fb460c+
SbgRnvneenRZfEd2oRsgjRQ4jhw8zp1oWqSaCkAmP7+5yoXHV2BoY++Do2YAv3m2K+1+8jnF4rct
pMFBcaRXI1wU7mVSNiT7fZJpesPu3ueXnGSWp7kBAJv3WBsCsixHutgAvZ/NzORIlZmSLWbbhIj+
K9WaFku0Thhc9HuNpIJqcFgghIBSqAgHAFfcaj1/w0pAixpZoXU7sG4ZMP6Q2PW8VcBRpwPzX3Ou
jREYMGoi8Mc3rUd8AYDd23LvonLYSdYjswChwqJr7BlRIlcU0MUECGukAMP7cSHwrw278VHLvvAQ
r4m1Q0V4GFizXTCXR4o5ASzqN+NCoK4yST9iAXhkqSjdXdmkJyF1tqL71i8R5IYzbQg4b94oikIa
QfgGyaH0+wtnvIc5n8Vm43zza6Pwyu++Efn7/352LI679nXsPyJ2OMnX5m223OfuNj/8QQOeqCFf
vW4Fh4yPrVPz8RfWo6Ss3NCGfZ0B1FdnX5jt9seX5DXizB+fXQ4jQ0NwSFNsJch3kmSNtOz1YZxD
Q8YKxkgjKFwcAYDTj27ArIWdju1fZFlGNBtzY1CdhAu+Fnve/mFmZ8b7SX8EiyUWi04+vDpxpkNQ
HAkhhEhe765MyelXtcHciCwXwrJrXKrzLRgMwuVy2ZhxFrmTtV6aYrHZfq77IErU/CoFyOCwQHR1
OFtgMJ7TrrCe//rDgIhyG7kRMjHiDQ5JCtWrsMPguPhGoKcjcT5jQGUtMO4g4MCjgGQiFwJ47e+5
HdtbDdw+M3k2yugDgdOvBP5j33B92cIYpRYDyQOEnXAhsGJPF55evQ3gHAwSBAsXFg0X3Yo3O3qF
axa9SjQ7FEmCW01+6SvmTVXPP05HYNfaUq4nlhaz73R/p6MrEBoJygFa2/0J8179YFPM38dOGYQK
i7T8YIp+M4E4g8NK4oFg8u39AQPI4Rnohosm4y8vrLQsIJoJqze3Z7xuUIs9xvCBlVi2bm/CerKT
tQYYpRYDhYkjJlP2d+7hPNsRUrIxNwCRMGrKqi06lqzT0ndtsTmUnXtc8iFw7YbiSIgun4DkUByx
i+gio+kyCoptbgDJh32NbrfVZ9B1PZQFnEfWWepvhqXzPWJgFEdSQgZHHEIIoLLa+VEUTMZMSp4J
8cErifPmvwZcNiPRYDj06yEDojvzGz1Lzv9hftt3tQH/ztHgmPEUUNOQfLksA9f+PjT87B7nawlY
ETov+vfbt+hg5uTNacAQuHXpZnDdiPItwv9g5qgpwkzRiDM7wssjzQv3Riz+zwAAIABJREFUeRQC
lUmKi4b2CwS5yCbG2IMQ6Lp7JvzL18Zkm9iOgyNDmJjnRX/XSHWlK2RQF/HmtKnOg5Y9PThgdO/Q
jkdPGoR5y3cmrFtToaK2KrarpD9oYN3WDowbXhOZN35kLb7YmNj9o7HGjSFNFWnb9NGKnfjtP5bi
P/eeGpk3pKkC1513AP78wsqMPlc+fLRiJ8aP7M1q+cH5B0bqiZhUehSMGGRdo8cWBCeNFCiOmLhV
e9905jLsa6Y/d/RqJx3iwahBsW2/49lOG8yN7LI3AGDimFrrBQ5AcST0HVR6AC54yZscmeC0uVEI
zK4qdnWtCz1TmHecpskRfQdq3o8yRD+Yhmr3cDAm9WuNpKL8FeMAQgjohXq8+f6d1vN3bg51SYln
zWfW3T8qqoGvftPetuXCzd8Egr7068VT3ZDZkLc1DcDPcjRQbEBH/w64JkIIx8eo/+n8VTAC/lDX
lHCR0N76G4DEQhf90N9SeGJgEnqXm/U50FufozqFwSHAYBSoT3jvQQX8L89H8I2PHTU3GBOQm2rS
r5gnuq6TRhC+QS/y99DeFcTfX10VM+9HF3zFct3LTts/5u/NLV3o9uu49ZFPY+b/7rojLLMb/vf8
A2P+3p6ky0lrmx9vLtiCR19bHbvf/z0CXpfz6bbPvd0c8/dpR4/A/sNjdfGXG46GIjt3D8Co3zSA
wsQRuxFZd0YJb5eDuaHIwDWnx5qGf/13N/zBfM+d3LaXHdREPBRHQgghilp3LheS1asY3ZjlvVWW
P38mq49otD6HNU2LGK3pzrtch2ZN3Gs6lzL5ukIAwiCNpIIMjiQYUgGSW1zeUOaFFa/FdU+JIIAV
8yzmA5h2OYo6WPafrweWfZDbti53ZikzjIVGbzn6jNyOkycFOS/KBDuLLlkxrq4CLOo/061gprGB
qCKj0YYHQmYHopaZExiDksbACBTysigEtHeWwH/vS+C2fZ/WAU8ICWyEdeFHO3H6vCgnFLkwNx/V
FSq6378iZt4nX7aivVvDzPfWwx/VrWTEoEqsfPZbMWbC9Rd+BX+5IbZo9A1/WQgA+NfcjTHzJ4yq
xarnL4gxOe685nDcdvWhMet9/Yf/SdnmH//po5i/PS4ZF560X8pt7GDOku3oiRuKdvXMC7HnrUvx
9v2noePdy3HVmRMcbUOhzotyoByuFyLqv5y2z8HcAIA7Lq+JMdpaOzjmLAvY3vUkpg0lcmqWw3lR
KCSU13eRzLQ8clwW91YOmBsAcNgYaxM9GAzG/B2dVWaVYZaryZGO3jpyqT8RYwIyo+4pqaCntSTo
TAGEw0PFTjkuVCA0HsMAPnoj+Xbv/hP46rmh2hvRTDoaaBoKtOY+1F7WCAEE/cDdVwLvz7R3vx17
QkPGxl9cGANueQq4YDTgc65omBU6UwrWZ7jUcfrN2+gqb1SSnmndhR32cF8U1vtHuEtKVFAQodyN
6HU9avrywT6RXT/InOEcwXeXoufWZ2AIYc/hQv1wrM1CxqEeOMqOo6TE7KdKAIrkzFCxK545P+Vy
IYCf3N87TOoP7pmPx27+WuTvA8fUoWfOlUm337KzGy+Hh431Bw1cccdc/ONXx0eWjxteA33e1Um3
X72pPW1dDF/QwH3Pf47pF02KzPvHr47Hi++vtxylxS40Q+BbN7+L/9w7LSITxoCGGje+ccQwx44b
jSIVrvZEqVPIDI6jJ1VgweexmUW5mhZ2YtWCYY0yxg/vvUUXAvhtBl1Tcjtaegp9tlIc6YVBL4Gz
NHOSZRUcN0HBzI/T6N0hY8PkmP2TGxxmAVGr886cF73MHHUl3+4q8d1UhGAp3/eaPVUYDNJICiiD
wwJJkiAKUbX4/B9ZP4h07g2ZFJW11tMXHwMBi24gLg9w1GnOt1sIIBgIdaF55QHgWyPtNTcAYPmH
IQNjb2JfcQChrio/ug+FDruGy00XFPQO4eYkk5uqwwVCzcyM3l/b7HYSGVolLrMDiMreQO/8qlT1
N8J0+gIFqb8TeH4uun79FAzB7XltFuqUGY74ifuTBYN8yNj8j5MGw6CgC4Q0IhchwgY1jh/eOx/z
V/ReOx9/Yw1++4+lGW3/+fp9mPDtF2LmPTlrLX731LKMtl+2di8mffeljNb99SOfJGRTLHw0g66K
GdDtS34jPWvhVnz/7g9jMlui0Q0Bw3Du+uZ2SaQRFCaORHP+1+rhcQMeV+/kdbHEyZ3rJMEXRMLk
dSebWOTfFVFTlQe444pa9AREZPrPIj92t3NUeFjMVOmVUOmVENR61+32C7hUGZVeKWG9Co+ESq9s
OYWWWUwVEo4/KPvRkfKB4kgISZIgsXKyN0LZDX5/YiHsATWpH9yddnEYgOENiUHZ7/dHDLVsz7no
oWVTrpfBkuRmq3XxUzLKU0MZHHGYTpxQFMDJFws1jcCkY6yX1Q0AXt+d237PuRaY9Q/AyLHxbz8L
+Lutl3EDaN8DbFsXGq51w8ok3WjypHU7cMeloXb84fvA71+3Xu+Mq0IjzXy5yP42JENW8q6iXO5E
NOLwjen+tRWQvV4Ivy9sbJs5HCKUjxHOeojJfYgkX/RWpDav/1wIuNIMScgAdPn96NIMVNlclM5E
6AYCf/oXel6ZD2GTfoTgocKFpmdtkYHiZgrUiSNsOV46SCOhz64oMuBwIqBJyx4fFq7chevv+wib
dyZew2c8/AneXbwNf7nhaEwem1jMuaNbw0OvfIkZf18MzeLh/pcPLcbcz3bgz9OPjinSabJrnw9/
e+kL3PXk0oyHbO3y6fje3R/iHzOOh0sNfWeTxzbg2MmD8KVFIdNs+PiLXVi1qQ0TR9VZLn/sjdV4
a+EW3HXdVBw2oQmNtR74Ajq+2NCGXz64CO/+9XQMrPdabpsvisRIIwWKI9EMGlgBd+MAcC0QmhEZ
X9z8M+rtbEyKevReouMNi8oyZHB5gIGNiYV23U1K75YxOwtlGDKzwGCoHyV+8A0Zwwf3nht7uwRe
X+WFd0hd5Pgsuu2MobGRob6yd9+VTVXwDpVgGQwQ24beD8EiMTT+WWvAqMKnw5NGQp9dAkq6k0r8
QzZjDD6fDx5P7Aslj8pw6mQFby23eD7J4TKQ7SYnHiij0p1oCHR0dETMDXPK5rxLl8mRcTutVoyR
b6yWZYn3e42kggwOCyRJgu6qAPz53WCl5KjTgNpG+/c7dgoweHTIhMiFh38J7NqSfj2n0DXgd1cD
uzaH/l7wRihj5cAjE9dlDPjjLOC8YaFuMgXAcHnJMUVYIwVILVZcbhh+P0I3f+b1n4GFb+p6R1IJ
p/bBuitLpggAsqJgpy+IKtXmhxshIAIafNc/BP+yZntu7IWAEByC/z97bx4gR1W2fV+nqvdt1kwm
6yQhCyEhG4QEiCGAIsgmCIgIKAoKiLixCCrmEXl5BVR4lAfQR9AXCSoqiIiC8IFA2JKQQBISsk8y
W2brmZ6Z3qvO90d3VVd3V/f0Ur1M5v5pk56u7XR3Xeeuuvo+9+GAoA19yr4Tr5jLVIWdfnmLIQgC
HBZgoICay6nc+ehmPPDHbRmX+0Yi6B8KjbqfVzd3YtEVf8XsKR6ceGwT6j2xX2U/3D+A/2zuHHWa
1n+904Z5lz6Fo1tqsHz+BNR7rJAkjs27+vDOh92I6hgjr7zXgVO/lqjHkTrF7ZP/3otXNnVgzrQa
ta4HY4DPH07aDgAC8aEr33tkI37+h8Tn8eEBb9pxoxLH/M/9GQtm1mJCrb6W23v9+MKd/0l7fd70
miRzQ+99FYOdMjgAlC+OKHQNcAgOD6RhX8zkiPsKQPwmLf6ca57HlunvjzFN8h0DpAzykWRNT5zq
LfB45Iofc8YE4OS5ib5a5sCD/5aRMrtxwsQHwBlHakK2DEDSxhie2DK1MQwAV2Yoy3Cq7+0uc7Ys
xREAMY2YmYRwDudjNaAYBENDQ6irS59W+LxlKQZHgV1rvptxDpx/nP4tb29vLwRBSMvgSDU9sp2P
xQ5XyWnq6BSv0ipSBkc2yODQQRAERBomAz6dWUyM4swvlGa/JnNsNpU/3Fea/Zeap+4H3v1X8mu3
nA38rQsQdU5XTz1w22+B/7q0LM2L1E4ktxRxjURK/9O0EByGwDRZGspPS9oyGVz7C1Ri21Szw5zj
98YlCQdHwjjKY6DBwTmiH+xD+KZH4fcNGTawSpaiUN8pZwCTAQjp/gYDhq0M6ZcbxhOJREgjiGlk
coMNHYPh0Vcehf6hUE4GRq7safdhT7uv4O13tg5iZ2tuU5J3e4Po9maf1rurP4Cu/nQn6NXN+ttt
25duaGRi+/4BAOk/Vsya7MbFp83E7/+1B+2aGV/mTa/Bi/cnD/Vs78mQ1VggE+sspBGUL44obDoQ
m1bR7PIgMuKDHC8smClzI7Ys6a+k5wlzI3uPnvAT9LM/tK9/8yxTUnm1La0cHxxS3I2EAajWnmKJ
1zMePcncUFydxL5UcyMDHMD+nvLeSFEciSEIAmodQYxoSsfwKjE79DI3lOl9I5EIwuEwLJbkqccn
1wk441gTXtwaLau5ccp8ETMmpGflhsNhDA8Pw+FwpBkZhWRHpJocxVjjarYykn++U6ixc9JIFuiT
SUEQBAiCgNDUElZRn9gCLFhZuv1fepO+GVDt7NgAPPzd9Nd9fcB912bebs1FwOLVmZcbSGjqPPUc
Ga+oGgkZd8Olh8w5TpnUEJ8aNvZarK4Gi18cxqttxLJ6Y68pwUmZQQWJi0izKbchJ5xz7BqJJP/6
VSjxffh/+HsMX/sgAkaZG5xDDgcBriSuZsptVGCwfXxp5p8YDSQUCpFG4u9/3lRnpZtCZOC5+z6J
/3v9CWh79jIMvHglOv/+eXhfuBI7/3AxpjcnF//+9K3/NvTY86Y6SSNliiNa3tob+7wZYzA7PRDM
lpzNDc6ZWuYodZhK4nmWg7NM2ySef/ZEEZPrEn9HJODefyi/dhtgbsS2Qr7mRiWgOJLQyCRP5iwn
tfSW5lEplPYq12GDg/om+JdOMcNuzn//8RLq+W3DAZsZuP7jFt3lPT09sXpZopjxfNMrMJotc8KI
2VVy+R4ne/i410g26FPRgTGG6JzjSneAlZ8CbCW88K1rAiaVfro9Q5Fl4BunZq7p8a/fAQc+1F8m
isDtvwPKUBg2Ouc4SglDXCMlTi1mYDhvRiMgCtCdEpYlUggFxfDQrJN4ziAwwJKHwfFBr8+Q71na
3oqhk2+C/8WNkOTiPy/OAR6NQA77kRbqOUdMPUqedWKRAMD8mVWxD67EUPX7GIwxHDe3HDkzRL6s
XNCE+TMStTlqXBY0N9hR606/CL7/j9vwwd5+Q49/3Nw60gjKE0e0DGlGRzHGYHZ5wEyxOy1di1i9
acxwY1OEucFSXq9zARccnxyj/u/fJUSlxM4zmhu6x9YxNzTb5GJuVBKKIzEYYziqMb/bej3TI9vD
iDbqPYaHh3UztGxmhh9emF/R2mKaeccFVtgt6edSNBpFV1dXkimjrcGRT9HR1PU4L2Z+Jp0tdV6a
3UxDHbNBBocG7YktHbOydE7op67SzyuTJKB9L9C2O7dH5/5MbwQ4J/MUflWJ93Dm4qZArGjqDz8b
M0L0aG4BrrmrNG1T4IC04KS8O74jiSSNSFJJC8QxBkywm2G22JKDjzpLitbM0D6U7I7EcuSZahgR
TPCFC7jwjl8xSDsOwX/5vRi6+ucISxEwAz4nzmVI4RFI0TDUC9bUanBp1eFizy2CCHHahLLks0qS
RBqJn28rFzRW9ic1QpfGWqtazyMTwbCE8295Ed964G1jD845Tjq2iTRSpjiihac8wBjM7hpANINr
h5wktzapzYmXdcyN0d4G08wGxpTU81idja9/0pw0NGUoCGw7xCEwBlEARAYIiJn1TACEuHEvxJ+n
nkcCUx4sto6ApJiYi7lRyZ6L4khCI3OaUdZivPmSagyYTCb10d3drdv2oyeLuOqU3NI4Cn3nnAOX
rzJh4bT0H7c45zh48CBEUYTJZErK4NAzPPI9D3P9vgr9WjnnOHqqOK41MhpjcBxDaWGMxU70hiaE
mQir0bWLJ80C5i7VX7ZvK/DlDMv0sNiBF4cBvRu3z34bePjWwtpYrezfFqvR8dlvpy9jDLj0O8BL
64C9H5Tk8H6YINQ3QhTFcd2ZqBoRBITDYVitpZs+TmQMU2wiWsMsbh4oVefVanCJchO6U6nFLloZ
ACGPIptyOIRtAwGc1OTOzQWORynpg/2I/PezCH7YiqgsGTIchXMOKRwElyOxK1toiqvGZ5OJ/7QH
gCFehSPRLkEAWprAHKWf5s/v96vpnqQREU2NTohMgkShtqp4bv0hOE59DEvm1OPq847GmqWTYLWI
CIUl7O8cwq//thPPvnGwJMc2sSga6+2kkTLGkdGweGoQ9g2Cp2XZZfh+Mpkb2b5Ppl9zA2BYOoNh
4dTkbd024I9fz6ffSI5/16xhuGZN8uvPbeH4f28KVW9uUByJoWikzikAUhgwVU4jheL3+xEKhdJm
VAGA848zAxx47DX9OjzFGBtAzNy4ZIX+0JRwOIzu7m44HI4kkyCTYZDr8JRC2pnLeqlHZHIQdU7T
[...]
EMco/qM+9ol8qwgqcod15gbfVZWWlsa4ceMiIqJDhw5ZoL6jAo6KqdAjIq6++uro1q1bped79uwZ
N998c/Z7PmHChFi9evU2vceDDz6YFSv/5je/Gd/85jc3Gyo3aNCguPHGG7PHf/rTn7bpPQCArddk
A47cXha5vS8iKl805xaxrJh9Ze7cubF48eLs+yUlJdmQlv3222+zu29lZWXxxz/+MXt88cUX1zgG
97TTTosWLcpLo2ypSv1ll12WXcBX1a1bt/jKV76SPa5t+Mlpp52WLVft+VAhNyA4/fTT6zSGuL4+
hx49ekT//v0jojxsqtpF+uWXX47i4uJo0aJF1i388ccfj48++qjSev/+979j4cKFEVH3HinU7MAD
D8yGQL311lsxadKkuOuuu7Ku+ZdffnmNRffKysrirrvuyh5feumlNU4h27Fjx7jsssuyxxUXVE3N
9hwPGuoYRWXbs080BhUBR58+fbJg/MEHH4zly5dXu/4rr7yShebnnHNONrRlRw1RKSoqypY/+9nP
VrtOt27d4jvf+U6cf/75MXLkyFi7du1Wb7+0tDTuvffeiCi/CXL++efXuO4xxxyT3fyYMmXKDvsM
AKCpabIBR24PhKpDTiou8gcMGBDdu3fPvp87nj23i+mCBQtizZo1EVF5+ESFhQsXZid5X/ziF2vt
KdC1a9fs4n3mzJm11hSoene1qtwaBTUN5YiIOPLII7MLlr/+9a+bBQalpaXx5z//OXucO6xlW9Tn
5/ClL30pIsrHrr/99tuVnquYhnHYsGExfPjwiCgvjlf1/zm3lkp1BVPZft/61reyIQ233HJLjB07
NiLKL5BOOeWUGl+3cOHCrMfQwIEDsx4aNRk6dGh2Yfj44483yYuH7TkeNNQxis3VdZ9oDCoCjoiI
s88+OyLKj625w21y5QZgub0+Kv5eNrS99947W54wYUJs2rSp2vUuuuiiuP766+P666/PhpJsjX/+
85/xz3/+MyLKezdt6bWXXXZZXHPNNXHVVVfFhg0btvp9AICt1yRnUYmI6NKlSxx00EExe/bsmDFj
RqxduzYKCwtj2bJlWQ+OqlXue/ToEX379o3XX389pk+fnp2wvfnmm9k6Bx100Gbv9a9//Stb7tSp
0xa70Od2w1+2bFmdp2Tcc889s+WKGV6q06VLlzj11FNjwoQJ8e6778Zrr71W6ed49dVXs54Ow4cP
rxT6bIv6/BxyA4k5c+ZkMw6sX78+Jk+eHBHllfG7desWQ4cOjWeeeSb+/ve/Z8FIRGTv36lTpzjg
gAPq9DNRu9133z0uuuiiuPXWW2Pp0qXZ9y+//PJo1apVja/LHUKxNeFTYWFhDBw4MB577LFYs2ZN
LFq0aItTFDc1tR0P8nWMaorquk80BrkBx1FHHRWdO3eODz/8MMaNGxcjR46s1Mtq+fLl8eCDD0ZE
ebiWOyvMjgrFRowYEffcc09ElE/P+8orr8Rpp50Wn//852OPPfaosVfY1srdb7bmb4iZhwCg4TXZ
gCOifMz67NmzY+PGjfHWW2/FQQcdVKmWRnUXVsccc0y8/vrr8cQTT8QPf/jDaNWqVaW7odXV31i5
cmW2/Mgjj8Qjjzyy1W3clu6yVXXo0CFatGgRGzdurHQiXZ0TTjghJkyYEBHlw1FyA47cmiPVTam7
terzczjggAOyk+sXXnghu5v42muvZZXwK+qsDBs2LJ555pmYMmVKfP/73482bdrEpk2bsp46w4YN
q/OMMGzZqFGj4r777svq2hx++OFZscWa5BavrDpuvia77bZbtlx1OBK1Hw/ydYxqquqyTzQGuT2j
2rVrFyNHjozbbrst5s2bFzNnzqz0N/Oxxx7Lht7kztZVVla2wwKOAw44IMaOHRvXXnttLF68OF54
4YWs4HSPHj3imGOOiaOOOioGDhyY9WLcFp988km23KlTp3prNwBQd012iEpEZN2sI/5zR7Oilkb3
7t2rLaRZMV3shx9+GG+++WaUlZVlr+nVq1e1XbvXr19f5zbmTiW4rQoKCrIx+cXFxbVO5zdw4MCs
Z8bDDz+cdZ9dv359NkVnp06dsjokdVGfn0OrVq1i2LBhEVEewFSceFdM+zt48OCsFkrFjDkrV66M
OXPmRET5nbeKOirb8zOxZZ07d67U9f6MM86IZs1qP/Tk/q60bNlyq94nN6Tant+1T6vajgf5OkY1
VXXZJxqDqn9Daio2mltctGvXrtlMRxFR4zCRhnL44YfH5MmT4+abb65UXHzx4sUxduzY+OpXvxqn
nHLKFqdJr07u7/7WHqcAgIbVpHtw5Pa2mD17dpx11lnZWOITTjih2u6rffv2jXbt2sWaNWti5syZ
0bVr16yC+uGHH15tYb7cwn+jR4+udDdrS3baaaetXreqjRs3ZnfKOnfuXGt33DZt2sQZZ5wRt912
WyxevDhmz54dAwYMiJkzZ2Z3e7/85S9vVh1+W9T353DYYYfFuHHjYs2aNTFv3rzo169fTJkyJSIi
Cz8iyruEDxgwIF566aV47rnnYuDAgZXqb5getuHlXrxtTYHa3HoSWzteP/duqiETm6vteJCvY1RT
tq37RGPUu3fvOOKII2LatGnx0EMPxXe/+93o1q1bzJw5M6uhM3LkyO36u1Ef2rdvHyNGjIgRI0bE
smXLYt68eTFnzpyYMmVKLFiwIObNmxdf+9rXYsyYMfHlL395q7ebu9/oyQQAjUPjv2XUgLp37x77
779/RJTPjLJgwYJYsWJFRPznrn9VhYWF2TjaF154IRYtWpQ9V139jYioVBX/o48+ip133nmrv7Zn
THZuN/SqU0dWJzcUqBiW8sQTT2TfO+644+rcloj6/xwOPvjgbHnWrFkxf/78WLBgQUREVuG/wvHH
Hx8REZMnT47S0tKsxsDAgQO3eggEO05usb6KAHFLcqc47tKlS6XnGtsFZD7aU9vxIF/HKNJ35pln
RkTlYqM1FRfdWg25f3Tr1i2b7njKlClxww03ZM/98Ic/3Kbhbbkzs7z//vv12k4AoG6adMARETFk
yJCIiHj77bfjxRdfjIiIFi1aVJoxpabXPP/88/HWW29l36+u/kZEVJoB4sknn9xh3edff/31bDl3
OE5N+vTpEwceeGBElJ+grly5Mut2vN9++2XP1VV9fw7dunXLgoznn38+GyrUp0+fStXzI/4TWC1c
uDDmzp2bTXt71FFHbVcbaBi5BQm35nelotdRRHkxzV133bXS823atMmWG8PwlXy0p7bjQb6OUaRv
6NCh2fDG+++/P95///2sntOxxx4be+211zZvsz72j8WLF8e0adNi2rRpNYakLVq0iHPPPTcL9yt6
A26t3P3mhRdeiLKyslrXf+655+K+++6L++67L1avXr3V7wMAbL0mH3Dk9rqoqPh+5JFHVpoloKqK
ngPFxcXZa7p27Vrjidwuu+ySTR+7cOHC+Nvf/lZrm0pLSysFJzWpOu1prrKysqxtETX3SMlVUFCQ
dc/94IMP4ic/+UlW7HHEiBHbXXG+IT6HioDiueeey37eE044YbM7gPvss09W5f6OO+7I7mZX1FSh
cenQoUOcccYZERGxZMmSSj2JqpP7u37mmWdu9v+fe6f1vffeq3E7//73v+vS3G3WEO3ZnuNBQx2j
+PRr27ZtjBw5MiIi5s+fH9///vez2hQjRoyo0zbrY/94991342tf+1p87Wtfi3vvvbfW98sNxLdl
+tbOnTtnvQNfe+21rMZTdTZt2hQ///nP47rrrotbbrlFzycAaCBNPuDILSRacedmS9Xse/XqFfvt
t19E/Oeu6NChQ2sNAL7+9a9nyz/60Y9qnLZ1/fr1ccstt8RJJ50U48ePr7UdY8aMiRkzZlT73F/+
8pesaFqvXr22KuCIiDj66KOz5dwLovqa3q6+P4eKqv0VM+FEVF80tKCgIE488cSIiKwbdU2FZCPK
e/TMmDEjiouLN3vu3XffzaYWzrVp06aYNWtWzJkzZ4t38tiyUaNGZcs//vGPs6mKq5o+fXrcfvvt
ERGx8847x+mnn77ZOhVD0SLK943qCu4uX748fvCDH2xnq7dOQ7Rne48HDXGMommoOLZGRPZ71qNH
j6y347aqj/2jX79+2dCrhx56KN5+++1q11u1alWlAqO9evXapraed9552fKNN95YqRZQrnvuuScL
QEaOHCngAIAG0qSLjEZE9OzZM3r16lXp4umQQw6p9TUFBQXxpS99qdIdzNx6ENUZMmRIXHjhhXHn
nXfGhx9+GGeffXZccsklcfjhh8fOO+8ca9asibfeeivuueee7CJl2bJltW6zuLg4Ro0aFRdccEEc
ccQR0aVLl/joo4/iySefjDvvvDNb7+qrr67U5bc2u+yySxx//PHx6KOPZt876qijYvfdd9+q129J
fX8O+++/f3Tv3j3rkdGjR48ahwoNGTIkbr755uzxsGHDqp0a8IUXXohzzjknIsqDnd/97nfZcxXF
aDdu3BiDBw+Ou+++OysWePvtt8fPfvaziIi4/vrr4/zzz9+GT4aqDjjggPje974XP/3pT2Pp0qVx
1llnxXe+850YMGBAtG/fPoqKiuLpp5+OX/3qV9kd4xtuuKHS3d8KQ4cOzYoDT5w4MdatWxfnnntu
dO/ePT755JOYPXt23HvvvZVq6jSkhmjP9h4PGuIYRdOw1157xbHHHhuPP/549r1zzz23ztNv18f+
0aFDh/je974X1157baxatSrOPvvsGDVqVAwdOjS6du0aa9asiXfeeSf++Mc/ZvV7Tj755G0OOAYN
GhRnn312/N///V/29+GSSy6J/fbbL9q2bRuLFy+O+++/PyZNmhQR5Z9VbpgIANSvJh9wFBQUxNCh
Q+Puu++OiIh99913s/oN1Tn00EPj17/+dfa4YvhDbb73ve9FWVlZ/OEPf4g1a9bEmDFjYsyYMdWu
e9lll8XFF19c6/ZuueWW+P73vx+///3v4/e//32161xyySXbXBz05JNPrhRw5E5nWB/q83No3rx5
HHfccTF27NiIiBg+fHiNPWn233//2GuvvbLx2DX1apk7d262/OSTT8a6deuyC8I33ngju5iePn16
rFq1KrtLmDtEYObMmQKOevCNb3wj1q5dG7fddlt88MEHcd1119W47k9/+tNKhXJzde7cOW688ca4
/PLLI6K8eG51w15GjBgRU6ZM2eqZW+qqIdpTH8eD+j5G0XSMGDGiUsCR26tjW9XX/jFy5MhYsmRJ
/OY3v4mVK1fGL3/5y/jlL39Z7bqDBg2K66+/vk7tvfbaa6OoqCieeOKJeOutt+LSSy+tdr0+ffrE
r3/96+jUqVOd3gcA2LImP0QlonLvi2HDhm1VBfd+/fpld6c6dOgQ++677xZf07Jly7jmmmvi3nvv
rTQUJFdFr4DLLrtsizUvhg8fHn/5y1+yMcC59t9///jVr34VV1xxxRbbVdWQIUOyi/Z27drF4Ycf
vs3bqE19fw65QUVFHYHqNGvWrFJF/5p63QwZMiSbxePCCy+sdLd78ODBWQHLc889t9LsExVBUIsW
LeLkk0+utc1snWbNmsXo0aPj/vvvr3aYVNu2beOMM86Ixx57LKvZUZNTTjkl7r777mpnO9p3331j
zJgx8eMf/3iHXXzUd3vq43hQ3/smTceQIUOiR48eEVEeklcs11V97B8FBQVx5ZVXxtixY2scetq7
d++44YYb4g9/+EN07ty5Tm0tLCyM2267LcaMGRN9+/bd7Pnu3bvH1VdfHePGjdvmHiIAwLYpKFMs
IG8++uijeP/992PNmjXRunXr2GWXXWLnnXeu07Y+/PDDWLJkSaxfvz66dOkSPXv2zIZONHb1+Tl5
i2H0AAAWmUlEQVTUl7Vr18aqVauia9eumwVexcXF8cknn1T73MqVK6NZs2aVgg/qz8qVK2Pp0qWx
du3aaN++fey6667xmc98Zpu2UVZWFu+9914sX748CgoKonPnztGzZ8+8TSXbEO2pr+NBY9w3aVrq
c//4+OOP47333ou1a9dGq1at4rOf/Wx079693vf9999/P4qKimL9+vXRoUOH2GOPPYSBALCDCDgA
AACA5KVxix8AAACgFgIOAAAAIHkCDgAAACB5Ag4AAAAgeQIOAAAAIHkCDgAAACB5Ag4AAAAgeQIO
AAAAIHkCDgAAACB5Ag4AAAAgeQIOAAAAIHkCDgAAACB5Ag4AAAAgeQIOAAAAIHkCDgAAACB5Ag4A
AAAgeQIOAAAAIHkCDgAAACB5Ag4AAAAgeQIOAAAAIHkCDgAAACB5Ag4AAAAgeQIOAAAAIHkCDgAA
ACB5Ag4AAAAgeQIOAAAAIHkCDgAAACB5Ag4AAAAgeQIOAAAAIHkCDgAAACB5Ag4AAAAgeQIOAAAA
IHkCDgAAACB5Ag4AAAAgeQIOAAAAIHkCDgAAACB5Ag4AAAAgeQIOAAAAIHkCDgAAACB5Ag4AAAAg
eQIOAAAAIHkCDgAAACB5Ag4AAAAgeQIOAAAAIHkCDgAAACB5Ag4AAAAgeQIOAAAAIHkCDgAAACB5
Ag4AAAAgeQIOAAAAIHkCDgAAACB5Ag4AAAAgeQIOAAAAIHkCDgAAACB5Ag4AAAAgeQIOAAAAIHkC
DgAAACB5Ag4AAAAgeQIOAAAAIHkCDgAAACB5Ag4AAAAgeQIOAAAAIHkCDgAAACB5Ag4AAAAgeQIO
AAAAIHkCDgAAACB5Ag4AAAAgeQIOAAAAIHkCDgAAACB5Ag4AAAAgeQIOAAAAIHkCDgAAACB5Ag4A
AAAgeQIOAAAAIHkCDgAAACB5Ag4AAAAgeQIOAAAAIHkCDgAAACB5Ag4AAAAgeQIOAAAAIHkCDgAA
ACB5Ag4AAAAgeQIOAAAAIHkCDgAAACB5Ag4AAAAgeQIOAAAAIHkCDgAAACB5Ag4AAAAgeQIOAAAA
IHkCDgAAACB5Ag4AAAAgeQIOAAAAIHkCDgAAACB5Ag4AAAAgeQIOAAAAIHkCDgAAACB5Ag4AAAAg
eQIOAAAAIHkCDgAAACB5Ag4AAAAgeQIOAAAAIHkCDgAAACB5Ag4AAAAgeQIOAAAAIHkCDgAAACB5
Ag4AAAAgeQIOAAAAIHkCDgAAACB5Ag4AAAAgeQIOAAAAIHkCDgAAACB5Ag4AAAAgeQIOAAAAIHkC
DgAAACB5Ag4AAAAgeQIOAAAAIHkCDgAAACB5Ag4AAAAgeQIOAAAAIHkCDgAAACB5Ag4AAAAgeQIO
AAAAIHkCDgAAACB5Ag4AAAAgeQIOAAAAIHkCDgAAACB5Ag4AAAAgeQIOAAAAIHkCDgAAACB5Ag4A
AAAgeQIOAAAAIHkCDgAAACB5Ag4AAAAgeQIOAAAAIHkCDgAAACB5Ag4AAAAgeQIOAAAAIHkCDgAA
ACB5Ag4AAAAgeQIOAAAAIHkCDgAAACB5Ag4AAAAgeQIOAAAAIHkCDgAAACB5Ag4AAAAgeQIOAAAA
IHkCDgAAACB5Ag4AAAAgeQIOAAAAIHkCDgAAACB5Ag4AAAAgeQIOAAAAIHkCDgAAACB5Ag4AAAAg
eQIOAAAAIHkCDgAAACB5Ag4AAAAgeQIOAAAAIHkCDgAAACB5Ag4AAAAgeQIOAAAAIHkCDgAAACB5
Ag4AAAAgeQIOAAAAIHkCDgAAACB5Ag4AAAAgeQIOAAAAIHkCDgAAACB5Ag4AAAAgeQIOAAAAIHkC
DgAAACB5Ag4AAAAgeQIOAAAAIHkCDgAAACB5Ag4AAAAgeQIOAAAAIHkCDgAAACB5Ag4AAAAgeQIO
AAAAIHkCDgAAACB5Ag4AAAAgeQIOAAAAIHkCDgAAACB5Ag4AAAAgeQIOAAAAIHkCDgAAACB5Ag4A
AAAgeQIOAAAAIHkCDgAAACB5Ag4AAAAgeQIOAAAAIHkCDgAAACB5Ag4AAAAgeQIOAAAAIHkCDgAA
ACB5Ag4AAAAgeQIOAAAAIHkCDgAAACB5Ag4AAAAgeQIOAAAAIHkCDgAAACB5Ag4AAAAgeQIOAAAA
IHkCDgAAACB5Ag4AAAAgeQIOAAAAIHkCDgAAACB5Ag4AAAAgeQIOAAAAIHkCDgAAACB5Ag4AAAAg
eQIOAAAAIHkCDgAAACB5Ag4AAAAgeQIOAAAAIHkCDgAAACB5Ag4AAAAgeQIOAAAAIHkCDgAAACB5
Ag4AAAAgeQIOAAAAIHkCDgAAACB5Ag4AAAAgeQIOAAAAIHkCDgAAACB5Ag4AAAAgeQIOAAAAIHkC
DgAAACB5Ag4AAAAgeQIOAAAAIHkCDgAAACB5Ag4AAAAgeQIOAAAAIHkCDgAAACB5Ag4AAAAgeQIO
AAAAIHkCDgAAACB5Ag4AAAAgeQIOAAAAIHkCDgAAACB5Ag4AAAAgeQIOAAAAIHkCDgAAACB5Ag4A
AAAgeQIOAAAAIHkCDgAAACB5Ag4AAAAgeQIOAAAAIHkCDgAAACB5Ag4AAAAgeQIOAAAAIHkCDgAA
ACB5Ag4AAAAgeQIOAAAAIHkCDgAAACB5Ag4AAAAgeQIOAAAAIHkCDgAAACB5Ag4AAAAgeQIOAAAA
IHkCDgAAACB5Ag4AAAAgeQIOAAAAIHkCDgAAACB5Ag4AAAAgeQIOAAAAIHkCDgAAACB5Ag4AAAAg
eQIOAAAAIHkCDgAAACB5Ag4AAAAgeQIOAAAAIHkCDgAAACB5Ag4AAAAgeQIOAAAAIHkCDgAAACB5
Ag4AAAAgeQIOAAAAIHkCDgAAACB5Ag4AAAAgeQIOAAAAIHkCDgAAACB5Ag4AAAAgeQIOAAAAIHkC
DgAAACB5Ag4AAAAgeQIOAAAAIHkCDgAAACB5Ag4AAAAgeQIOAAAAIHkCDgAAACB5Ag4AAAAgeQIO
AAAAIHkCDgAAACB5Ag4AAAAgeQIOAAAAIHkCDgAAACB5Ag4AAAAgeQIOAAAAIHkCDgAAACB5Ag4A
AAAgeQIOAAAAIHkCDgAAACB5Ag4AAAAgeQIOAAAAIHkCDgAAACB5Ag4AAAAgeQIOAAAAIHkCDgAA
ACB5Ag4AAAAgeQIOAAAAIHkCDgAAACB5Ag4AAAAgeQIOAAAAIHkCDgAAACB5Ag4AAAAgeQIOAAAA
IHkCDgAAACB5Ag4AAAAgeQIOAAAAIHkCDgAAACB5Ag4AAAAgeQIOAAAAIHkCDgAAACB5Ag4AAAAg
eQIOAAAAIHkCDgAAACB5Ag4AAAAgeQIOAAAAIHkCDgAAACB5Ag4AAAAgeQIOAAAAIHkCDgAAACB5
Ag4AAAAgeQIOAAAAIHkCDgAAACB5Ag4AAAAgeQIOAAAAIHkCDgAAACB5Ag4AAAAgeQIOAAAAIHkC
DgAAACB5Ag4AAAAgeQIOAAAAIHkCDgAAACB5Ag4AAAAgeQIOAAAAIHkCDgAAACB5Ag4AAAAgeQIO
AAAAIHkCDgAAACB5Ag4AAAAgeQIOAAAAIHkCDgAAACB5Ag4AAAAgeQIOAAAAIHkCDgAAACB5Ag4A
AAAgeQIOAAAAIHkCDgAAACB5Ag4AAAAgeQIOAAAAIHkCDgAAACB5Ag4AAAAgeQIOAAAAIHkCDgAA
ACB5Ag4AAAAgeQIOAAAAIHkCDgAAACB5Ag4AAAAgeQIOAAAAIHkCDgAAACB5Ag4AAAAgeQIOAAAA
IHkCDgAAACB5Ag4AAAAgeQIOAAAAIHkCDgAAACB5Ag4AAAAgeQIOAAAAIHkCDgAAACB5Ag4AAAAg
eQIOAAAAIHkCDgAAACB5Ag4AAAAgeQIOAAAAIHkt8t0AoO6Kiopizpw5ERHRv3//6NKlS55bBAAA
kB8FZWVlZfluBLDtJk2aFFOnTo21a9dGRERhYWFcccUV0bNnzzy3DGjKysrKYv369dlXaWlpVJxq
FBQURPPmzaNVq1bZV0FBQZ5bDAB8Wgg4IDHz58+PsWPHRlFR0WbP9e7dO0aPHp2HVgFNWVlZWZSU
lERxcXGsWrUqli5dGkuWLIkPPvggPv744ygtLY2IiObNm0eHDh2ia9euseuuu0b37t3jM5/5TLRr
107YAewQRUVFMX78+KwHbGPQv3//OPPMM/XEhXog4IBEFBUVxdixY2P+/Pm1rvfb3/52B7UIaOrK
yspi3bp18fHHH8cbb7wRc+bMiYULF8a6deu26vVt2rSJPffcMw455JDYe++9o0OHDtGmTRtBB9Ag
ioqK4sYbb8x6vzYmhYWFce211wo5YDupwQGN3Nq1a+Opp56KiRMn5rspAJmNGzfGxx9/HC+99FJM
nz49ioqKsp4aW2vdunUxb968mD9/fnTp0iUGDx4cAwYMiA4dOkSLFk5RgPr1wAMPNMpwI6L8fO+B
Bx6Iiy++ON9NgaQ5e4BGbMaMGTFx4sRqh6MA5MuGDRti7ty5MXny5FiyZMk2BxtVlZaWxgcffBAT
J06MV155JU488cQ44IADomXLlvXUYoCIV199Nd9NqFVjbx+kQMABjdCiRYti/PjxWxyOArCjbdq0
KSZOnBjTpk2LkpKSet12aWlpLFq0KO6666444ogj4tRTT41mzcxoDzQdixYtUjAetoOAAxqRtWvX
xoMPPhjTp0/Pd1MAqjVu3LiYMWNGbNiwocHeo6SkJJ566qkoLi6Oc889t8HeB6CxKS4uzncTIGkC
Dmgkpk6dGpMmTWq0Y0OBpm3Tpk07JNyosGHDhpgxY0ZERIwcOVJPDgBgiwQckGfz58+P8ePHx6JF
i/LdFIBqbdiwISZOnLjDwo3c950xY0a0bds2TjrpJDU5AIBaCTggTxrjPOwAVW3cuDHmzp0b06ZN
26HhRoUNGzbEtGnTYs8994y+ffuaXQUAqJGzBMiDSZMmxdSpUw1HARq1srKy+Pjjj2Py5Mn1XlB0
W5SUlMTkyZNj9913j86dO0dBQUHe2gIANF4CDtiB5syZE+PHjzftK5CEkpKSeOmll2LJkiX5bkos
WbIkXnrppTjyyCOjTZs2+W4OANAICThgBygqKoqxY8ea9hVIRkXvjenTp0dpaWm+mxOlpaUxffr0
OOigg6Jbt256cQAAmxFwQANau3ZtNhwFICXr1q2LN954o1H1OCsqKop33nknOnbsqBcHALAZAQc0
kBkzZsT48ePV2QCSVFxcHLNnz24UvTcqlJaWxsyZM2P//fcXcAAAmxFwQD2bP39+TJw40XAUIFll
ZWWxevXqWLhwYb6bspl33303Vq9eHZ06dTJMBQCoRMAB9WTt2rXx4IMPxvTp0/PdFIDtsmHDhli6
dGmsW7cu303ZzLp162Lp0qXRvXv3aNWqVb6bAwA0IgIOqAemfQU+TUpKSuK9997LdzNq9N5778X+
++8v4AAAKhFwwHaYP39+jB07tlEV4QPYXuvXr48PPvgg382o0cqVK2Pjxo35bgYA0MgIOKCO/vSn
PxmOAnwqlZaWxieffJLvZtToo48+EnAAAJtplu8GQIrmz58v3AA+tcrKyhp1gFBSUhKbNm3KdzMA
gEZGwAF18NZbb+W7CQAAAOQQcEAd9O/fP99NAGgwBQUF0aJF4x3F2rp162jWzCkMAFCZswOog549
e8agQYPy3QyABtG8efPYaaed8t2MGnXs2LFRBzAAQH4IOKCOzj///Bg9enT06NEj300BqFetWrWK
rl275rsZNerUqZOAAwDYjIADtkPv3r3juuuuizPPPDPatm2b7+YA1IvWrVvHbrvtlu9m1Gi33XaL
1q1b57sZAEAjI+CAenD00UfHTTfdFEcffXS+mwKw3Vq2bBndu3ePNm3a5Lspm2nTpk107949WrZs
me+mAACNjIAD6klhYWGceeaZce2110bv3r3z3RyAOisoKIj27dvHnnvume+mbGbPPfeM9u3bR0FB
Qb6bAgA0MgIOqGc9e/aM0aNHx6hRo6JLly75bg5AnbRt2zYOOeSQRjVbSbNmzeKQQw4xJBAAqFbj
OWuBT5nBgwfHtddeG8OHD893UwC2WevWrWOfffZpVEFtly5dYu+991Z/AwColoADGlBhYWGcdNJJ
cdNNN0W/fv3y3RyArVZQUBAdOnSIww47LJo3b57v5kTz5s3jsMMOi44dOxqeAgBUS8ABO0CXLl3i
4osvjtGjRzequ6EAtWndunUMGDAgdt1113w3JXbbbbcYMGCA3hsAQI0EHLAD9e7dO2666aYYPny4
MeRAo1fRi+PEE0/Ma7DQpk2bOP300/XeAABqJeCAPKgYtjJo0KB8NwWgVi1atIgDDjggjjjiiLxM
zdqyZcs47rjjYt99920UQ2UAgMZLwAF5UlhYGOeff36MHj06evToke/mANSoZcuWceqpp8bAgQOj
RYsWO+x9W7RoEQMHDoxhw4bt0PcFANIk4IA86927d1x33XUxatQow1aARqtZs2Zx3nnnxaBBg3ZI
T46WLVvGoEGD4rzzzmtUU9UCAI2X2yHQSAwePDj69+8fkyZNiqlTp+a7OQDVOuecc6KwsDCmTZsW
JSUlDfIebdq0ieOOOy6GDRvWINsHAD6dBBzQiBQWFsaZZ54ZgwYNivHjx8f8+fPz3SSASpo1axYn
nXRS7LnnnjF58uRYsmRJlJaW1su2mzdvHrvttlucfvrpse++++q5ATQ5evPC9hFwQCPUs2fPGD16
dMyZMyfGjx8fRUVF+W4SQKZly5bRt2/f2H333eOll16K559/PoqKimLTpk112l6zZs2iS5cucdhh
h8WAAQOiY8eOCooCTVLPnj3z3QRImoADGrH+/ftH7969Y+rUqTF16tQoLi7Od5MAIqK8AGjnzp3j
yCOPjM9//vOxYMGCePnll+Of//xnrFu3bqu20aZNm9hzzz3jkEMOiX322Sc6dOgQrVu3NhUs0CD6
9esXr776ar6bUaN+/frluwmQvIKysrKyfDcC2LKioqJ44IEHtviH+be//e0OahFAubKysigpKYni
4uJYtWpVLF26NN57771YuXJlfPTRR1mtjtatW0fHjh2jU6dOsdtuu0X37t2jffv20bZtW8EG0OCK
iorihhtuaJQ3jNq2bRvXXXdddOnSJd9NgaQJOCAx8+fPj7Fjx1Y7bKVfv35x8cUX56FVAOXKyspi
w4YNUVJSEhs3boyNGzdmQ1eaNWsWLVq0iBYtWkTr1q2jZcuWQg1gh9raG0Y7Ur9+/eKss84SbkA9
EHBAoqZOnRoTJ07M7kK0bds2Ro8ebewmAMBWWLRoUV57c7Rt29Z5G9QzAQckbO3atTFjxoxo27Zt
9O/fPwoLC/PdJAAAgLwQcAAAAADJM8E8AAAAkDwBBwAAAJA8AQcAAACQPAEHAAAAkDwBBwAAAJA8
AQcAAACQPAEHAAAAkDwBBwAAAJA8AQcAAACQPAEHAAAAkDwBBwAAAJA8AQcAAACQPAEHAAAAkDwB
BwAAAJA8AQcAAACQPAEHAAAAkDwBBwAAAJA8AQcAAACQPAEHAAAAkDwBBwAAAJA8AQcAAACQPAEH
AAAA/78dOyABAAAAEPT/dTsCnSHsCQ4AAABgT3AAAAAAe4IDAAAA2BMcAAAAwJ7gAAAAAPYEBwAA
ALAnOAAAAIA9wQEAAADsCQ4AAABgT3AAAAAAe4IDAAAA2BMcAAAAwJ7gAAAAAPYEBwAAALAnOAAA
AIA9wQEAAADsCQ4AAABgT3AAAAAAe4IDAAAA2BMcAAAAwF5lGv6vQ/p4/QAAAABJRU5ErkJggg==
" width="800px"&gt;</msg>
<status status="PASS" starttime="20230213 22:53:51.879" endtime="20230213 22:53:52.457"/>
</kw>
<msg timestamp="20230213 22:53:52.457" level="INFO">criteria is android:id/button1</msg>
<msg timestamp="20230213 22:53:52.461" level="FAIL">ValueError: Element locator 'android:id/button1' did not match any elements.</msg>
<status status="FAIL" starttime="20230213 22:53:50.842" endtime="20230213 22:53:52.462"/>
</kw>
<kw name="Wait Until Element Is Visible" library="AppiumLibrary">
<arg>com.booking:id/group_config_apply_button</arg>
<doc>Waits until element specified with `locator` is visible.</doc>
<status status="NOT RUN" starttime="20230213 22:53:52.462" endtime="20230213 22:53:52.462"/>
</kw>
<kw name="Click Element" library="AppiumLibrary">
<arg>com.booking:id/group_config_apply_button</arg>
<doc>Click element identified by `locator`.</doc>
<status status="NOT RUN" starttime="20230213 22:53:52.463" endtime="20230213 22:53:52.463"/>
</kw>
<kw name="Wait Until Element Is Visible" library="AppiumLibrary">
<arg>com.booking:id/facet_search_box_cta</arg>
<doc>Waits until element specified with `locator` is visible.</doc>
<status status="NOT RUN" starttime="20230213 22:53:52.463" endtime="20230213 22:53:52.463"/>
</kw>
<kw name="Click Element" library="AppiumLibrary">
<arg>com.booking:id/facet_search_box_cta</arg>
<doc>Click element identified by `locator`.</doc>
<status status="NOT RUN" starttime="20230213 22:53:52.463" endtime="20230213 22:53:52.463"/>
</kw>
<kw name="Sleep" library="BuiltIn">
<arg>3s</arg>
<doc>Pauses the test executed for the given time.</doc>
<status status="NOT RUN" starttime="20230213 22:53:52.463" endtime="20230213 22:53:52.463"/>
</kw>
<kw name="Wait Until Element Is Visible" library="AppiumLibrary">
<arg>xpath=/hierarchy/android.widget.FrameLayout/android.widget.LinearLayout/android.widget.FrameLayout/android.widget.LinearLayout/android.widget.FrameLayout/android.view.ViewGroup/android.widget.FrameLayout/android.widget.LinearLayout/android.view.ViewGroup/android.widget.FrameLayout/androidx.recyclerview.widget.RecyclerView/android.view.ViewGroup[3]/android.view.ViewGroup/android.view.ViewGroup[2]/android.view.ViewGroup[1]/android.view.ViewGroup/android.view.ViewGroup</arg>
<doc>Waits until element specified with `locator` is visible.</doc>
<status status="NOT RUN" starttime="20230213 22:53:52.463" endtime="20230213 22:53:52.464"/>
</kw>
<kw name="Click Element" library="AppiumLibrary">
<arg>xpath=/hierarchy/android.widget.FrameLayout/android.widget.LinearLayout/android.widget.FrameLayout/android.widget.LinearLayout/android.widget.FrameLayout/android.view.ViewGroup/android.widget.FrameLayout/android.widget.LinearLayout/android.view.ViewGroup/android.widget.FrameLayout/androidx.recyclerview.widget.RecyclerView/android.view.ViewGroup[3]/android.view.ViewGroup/android.view.ViewGroup[2]/android.view.ViewGroup[1]/android.view.ViewGroup/android.view.ViewGroup</arg>
<doc>Click element identified by `locator`.</doc>
<status status="NOT RUN" starttime="20230213 22:53:52.464" endtime="20230213 22:53:52.464"/>
</kw>
<kw name="Wait Until Element Is Visible" library="AppiumLibrary">
<arg>xpath=/hierarchy/android.widget.FrameLayout/android.widget.LinearLayout/android.widget.FrameLayout/android.view.ViewGroup/android.widget.FrameLayout[2]/android.widget.RelativeLayout/android.widget.FrameLayout[2]/android.view.ViewGroup</arg>
<doc>Waits until element specified with `locator` is visible.</doc>
<status status="NOT RUN" starttime="20230213 22:53:52.464" endtime="20230213 22:53:52.464"/>
</kw>
<kw name="Click Element" library="AppiumLibrary">
<arg>xpath=/hierarchy/android.widget.FrameLayout/android.widget.LinearLayout/android.widget.FrameLayout/android.view.ViewGroup/android.widget.FrameLayout[2]/android.widget.RelativeLayout/android.widget.FrameLayout[2]/android.view.ViewGroup</arg>
<doc>Click element identified by `locator`.</doc>
<status status="NOT RUN" starttime="20230213 22:53:52.464" endtime="20230213 22:53:52.464"/>
</kw>
<kw name="Wait Until Element Is Visible" library="AppiumLibrary">
<arg>com.booking:id/rooms_item_select_text_view</arg>
<doc>Waits until element specified with `locator` is visible.</doc>
<status status="NOT RUN" starttime="20230213 22:53:52.465" endtime="20230213 22:53:52.465"/>
</kw>
<kw name="Click Element" library="AppiumLibrary">
<arg>com.booking:id/rooms_item_select_text_view</arg>
<doc>Click element identified by `locator`.</doc>
<status status="NOT RUN" starttime="20230213 22:53:52.465" endtime="20230213 22:53:52.465"/>
</kw>
<kw name="Wait Until Element Is Visible" library="AppiumLibrary">
<arg>com.booking:id/room_pref_select</arg>
<doc>Waits until element specified with `locator` is visible.</doc>
<status status="NOT RUN" starttime="20230213 22:53:52.465" endtime="20230213 22:53:52.465"/>
</kw>
<kw name="Click Element" library="AppiumLibrary">
<arg>com.booking:id/room_pref_select</arg>
<doc>Click element identified by `locator`.</doc>
<status status="NOT RUN" starttime="20230213 22:53:52.465" endtime="20230213 22:53:52.465"/>
</kw>
<kw name="Wait Until Element Is Visible" library="AppiumLibrary">
<arg>com.booking:id/main_action</arg>
<doc>Waits until element specified with `locator` is visible.</doc>
<status status="NOT RUN" starttime="20230213 22:53:52.466" endtime="20230213 22:53:52.466"/>
</kw>
<kw name="Click Element" library="AppiumLibrary">
<arg>com.booking:id/main_action</arg>
<doc>Click element identified by `locator`.</doc>
<status status="NOT RUN" starttime="20230213 22:53:52.466" endtime="20230213 22:53:52.466"/>
</kw>
<status status="FAIL" starttime="20230213 22:53:30.147" endtime="20230213 22:53:52.467"/>
</kw>
<status status="FAIL" starttime="20230213 22:53:02.013" endtime="20230213 22:53:52.468">ValueError: Element locator 'android:id/button1' did not match any elements.</status>
</test>
<status status="FAIL" starttime="20230213 22:53:01.463" endtime="20230213 22:53:52.472"/>
</suite>
<statistics>
<total>
<stat pass="0" fail="1" skip="0">All Tests</stat>
</total>
<tag>
</tag>
<suite>
<stat pass="0" fail="1" skip="0" id="s1" name="Booking">Booking</stat>
</suite>
</statistics>
<errors>
</errors>
</robot>
